Log file open, 10/31/20 00:26:41
LogWindows: Failed to load 'aqProf.dll' (GetLastError=126)
LogWindows: File 'aqProf.dll' does not exist
LogWindows: Failed to load 'VtuneApi.dll' (GetLastError=126)
LogWindows: File 'VtuneApi.dll' does not exist
LogWindows: Failed to load 'VtuneApi32e.dll' (GetLastError=126)
LogWindows: File 'VtuneApi32e.dll' does not exist
LogConsoleResponse: Display: Failed to find resolution value strings in scalability ini. Falling back to default.
LogInit: Display: Running engine for game: PlatfromerHW
LogPlatformFile: Not using cached read wrapper
LogTaskGraph: Started task graph with 5 named threads and 23 total threads with 3 sets of task threads.
LogStats: Stats thread started at 6.858412
LogD3D11RHI: Loaded GFSDK_Aftermath_Lib.x64.dll
LogICUInternationalization: ICU TimeZone Detection - Raw Offset: +3:00, Platform Override: ''
LogPluginManager: Mounting plugin Paper2D
LogPluginManager: Mounting plugin AISupport
LogPluginManager: Mounting plugin LightPropagationVolume
LogPluginManager: Mounting plugin ActorLayerUtilities
LogPluginManager: Mounting plugin AnimationSharing
LogPluginManager: Mounting plugin CLionSourceCodeAccess
LogPluginManager: Mounting plugin CodeLiteSourceCodeAccess
LogPluginManager: Mounting plugin GitSourceControl
LogPluginManager: Mounting plugin KDevelopSourceCodeAccess
LogPluginManager: Mounting plugin NullSourceCodeAccess
LogPluginManager: Mounting plugin PerforceSourceControl
LogPluginManager: Mounting plugin PlasticSourceControl
LogPluginManager: Mounting plugin SubversionSourceControl
LogPluginManager: Mounting plugin UObjectPlugin
LogPluginManager: Mounting plugin VisualStudioCodeSourceCodeAccess
LogPluginManager: Mounting plugin VisualStudioSourceCodeAccess
LogPluginManager: Mounting plugin XCodeSourceCodeAccess
LogPluginManager: Mounting plugin AssetManagerEditor
LogPluginManager: Mounting plugin CryptoKeys
LogPluginManager: Mounting plugin CurveEditorTools
LogPluginManager: Mounting plugin DataValidation
LogPluginManager: Mounting plugin FacialAnimation
LogPluginManager: Mounting plugin GameplayTagsEditor
LogPluginManager: Mounting plugin MacGraphicsSwitching
LogPluginManager: Mounting plugin MaterialAnalyzer
LogPluginManager: Mounting plugin MobileLauncherProfileWizard
LogPluginManager: Mounting plugin PluginBrowser
LogPluginManager: Mounting plugin SpeedTreeImporter
LogPluginManager: Mounting plugin DatasmithContent
LogPluginManager: Mounting plugin VariantManagerContent
LogPluginManager: Mounting plugin AlembicImporter
LogPluginManager: Mounting plugin AutomationUtils
LogPluginManager: Mounting plugin BackChannel
LogPluginManager: Mounting plugin CharacterAI
LogPluginManager: Mounting plugin GeometryCache
LogPluginManager: Mounting plugin PlatformCrypto
LogPluginManager: Mounting plugin ProxyLODPlugin
LogPluginManager: Mounting plugin SkeletalReduction
LogPluginManager: Mounting plugin MagicLeap
LogPluginManager: Mounting plugin MagicLeapMedia
LogPluginManager: Mounting plugin MLSDK
LogPluginManager: Mounting plugin AndroidMedia
LogPluginManager: Mounting plugin AvfMedia
LogPluginManager: Mounting plugin ImgMedia
LogPluginManager: Mounting plugin MediaCompositing
LogPluginManager: Mounting plugin MediaPlayerEditor
LogPluginManager: Mounting plugin WebMMedia
LogPluginManager: Mounting plugin WmfMedia
LogPluginManager: Mounting plugin TcpMessaging
LogPluginManager: Mounting plugin UdpMessaging
LogPluginManager: Mounting plugin ActorSequence
LogPluginManager: Mounting plugin LevelSequenceEditor
LogPluginManager: Mounting plugin MatineeToLevelSequence
LogPluginManager: Mounting plugin NetcodeUnitTest
LogPluginManager: Mounting plugin NUTUnrealEngine4
LogPluginManager: Mounting plugin OnlineSubsystemGooglePlay
LogPluginManager: Mounting plugin OnlineSubsystemIOS
LogPluginManager: Mounting plugin OnlineSubsystem
LogPluginManager: Mounting plugin OnlineSubsystemNull
LogPluginManager: Mounting plugin OnlineSubsystemUtils
LogPluginManager: Mounting plugin LauncherChunkInstaller
LogPluginManager: Mounting plugin AndroidDeviceProfileSelector
LogPluginManager: Mounting plugin AndroidMoviePlayer
LogPluginManager: Mounting plugin AndroidPermission
LogPluginManager: Mounting plugin AppleImageUtils
LogPluginManager: Mounting plugin AppleMoviePlayer
LogPluginManager: Mounting plugin ArchVisCharacter
LogPluginManager: Mounting plugin AssetTags
LogPluginManager: Mounting plugin AudioCapture
LogPluginManager: Mounting plugin CableComponent
LogPluginManager: Mounting plugin CustomMeshComponent
LogPluginManager: Mounting plugin EditableMesh
LogPluginManager: Mounting plugin ExampleDeviceProfileSelector
LogPluginManager: Mounting plugin GoogleCloudMessaging
LogPluginManager: Mounting plugin IOSDeviceProfileSelector
LogPluginManager: Mounting plugin LinuxDeviceProfileSelector
LogPluginManager: Mounting plugin LocationServicesBPLibrary
LogPluginManager: Mounting plugin MobilePatchingUtils
LogPluginManager: Mounting plugin OculusVR
LogPluginManager: Mounting plugin PhysXVehicles
LogPluginManager: Mounting plugin PostSplashScreen
LogPluginManager: Mounting plugin ProceduralMeshComponent
LogPluginManager: Mounting plugin RuntimePhysXCooking
LogPluginManager: Mounting plugin SignificanceManager
LogPluginManager: Mounting plugin SteamVR
LogPluginManager: Mounting plugin WebMMoviePlayer
LogPluginManager: Mounting plugin WindowsMoviePlayer
LogPluginManager: Mounting plugin ScreenshotTools
LogInit: Using libcurl 7.55.1-DEV
LogInit:  - built for x86_64-pc-win32
LogInit:  - supports SSL with OpenSSL/1.1.1
LogInit:  - supports HTTP deflate (compression) using libz 1.2.8
LogInit:  - other features:
LogInit:      CURL_VERSION_SSL
LogInit:      CURL_VERSION_LIBZ
LogInit:      CURL_VERSION_IPV6
LogInit:      CURL_VERSION_ASYNCHDNS
LogInit:      CURL_VERSION_LARGEFILE
LogInit:      CURL_VERSION_IDN
LogInit:  CurlRequestOptions (configurable via config and command line):
LogInit:  - bVerifyPeer = true  - Libcurl will verify peer certificate
LogInit:  - bUseHttpProxy = false  - Libcurl will NOT use HTTP proxy
LogInit:  - bDontReuseConnections = false  - Libcurl will reuse connections
LogInit:  - MaxHostConnections = 16  - Libcurl will limit the number of connections to a host
LogInit:  - LocalHostAddr = Default
LogInit:  - BufferSize = 65536
LogOnline: OSS: Creating online subsystem instance for: NULL
LogInit: WinSock: version 1.1 (2.2), MaxSocks=32767, MaxUdp=65467
LogOnline: OSS: TryLoadSubsystemAndSetDefault: Loaded subsystem for module [NULL]
LogInit: Build: ++UE4+Release-4.24-CL-11590370
LogInit: Engine Version: 4.24.3-11590370+++UE4+Release-4.24
LogInit: Compatible Engine Version: 4.24.0-10570792+++UE4+Release-4.24
LogInit: Net CL: 10570792
LogInit: OS: Windows 10 (Release 1903) (), CPU: Intel(R) Core(TM) i7-7700HQ CPU @ 2.80GHz, GPU: NVIDIA GeForce GTX 1060 with Max-Q Design
LogInit: Compiled (64-bit): Feb 24 2020 15:39:18
LogInit: Compiled with Visual C++: 19.16.27032.01
LogInit: Build Configuration: Development
LogInit: Branch Name: ++UE4+Release-4.24
LogInit: Command Line: 
LogInit: Base Directory: D:/dev/UE_4.24/Engine/Binaries/Win64/
LogInit: Installed Engine Build: 1
LogDevObjectVersion: Number of dev versions registered: 25
LogDevObjectVersion:   Dev-Blueprints (B0D832E4-1F89-4F0D-ACCF-7EB736FD4AA2): 10
LogDevObjectVersion:   Dev-Build (E1C64328-A22C-4D53-A36C-8E866417BD8C): 0
LogDevObjectVersion:   Dev-Core (375EC13C-06E4-48FB-B500-84F0262A717E): 3
LogDevObjectVersion:   Dev-Editor (E4B068ED-F494-42E9-A231-DA0B2E46BB41): 37
LogDevObjectVersion:   Dev-Framework (CFFC743F-43B0-4480-9391-14DF171D2073): 36
LogDevObjectVersion:   Dev-Mobile (B02B49B5-BB20-44E9-A304-32B752E40360): 2
LogDevObjectVersion:   Dev-Networking (A4E4105C-59A1-49B5-A7C5-40C4547EDFEE): 0
LogDevObjectVersion:   Dev-Online (39C831C9-5AE6-47DC-9A44-9C173E1C8E7C): 0
LogDevObjectVersion:   Dev-Physics (78F01B33-EBEA-4F98-B9B4-84EACCB95AA2): 2
LogDevObjectVersion:   Dev-Platform (6631380F-2D4D-43E0-8009-CF276956A95A): 0
LogDevObjectVersion:   Dev-Rendering (12F88B9F-8875-4AFC-A67C-D90C383ABD29): 36
LogDevObjectVersion:   Dev-Sequencer (7B5AE74C-D270-4C10-A958-57980B212A5A): 11
LogDevObjectVersion:   Dev-VR (D7296918-1DD6-4BDD-9DE2-64A83CC13884): 2
LogDevObjectVersion:   Dev-LoadTimes (C2A15278-BFE7-4AFE-6C17-90FF531DF755): 1
LogDevObjectVersion:   Private-Geometry (6EACA3D4-40EC-4CC1-B786-8BED09428FC5): 3
LogDevObjectVersion:   Dev-AnimPhys (29E575DD-E0A3-4627-9D10-D276232CDCEA): 17
LogDevObjectVersion:   Dev-Anim (AF43A65D-7FD3-4947-9873-3E8ED9C1BB05): 2
LogDevObjectVersion:   Dev-ReflectionCapture (6B266CEC-1EC7-4B8F-A30B-E4D90942FC07): 1
LogDevObjectVersion:   Dev-Automation (0DF73D61-A23F-47EA-B727-89E90C41499A): 1
LogDevObjectVersion:   FortniteMain (601D1886-AC64-4F84-AA16-D3DE0DEAC7D6): 31
LogDevObjectVersion:   Dev-Enterprise (9DFFBCD6-494F-0158-E221-12823C92A888): 8
LogDevObjectVersion:   Dev-Niagara (F2AED0AC-9AFE-416F-8664-AA7FFA26D6FC): 1
LogDevObjectVersion:   Dev-Destruction (174F1F0B-B4C6-45A5-B13F-2EE8D0FB917D): 9
LogDevObjectVersion:   Dev-Physics-Ext (35F94A83-E258-406C-A318-09F59610247C): 8
LogDevObjectVersion:   Dev-CineCamera (B2E18506-4273-CFC2-A54E-F4BB758BBA07): 1
LogInit: Presizing for max 25165824 objects, including 0 objects not considered by GC, pre-allocating 0 bytes for permanent pool.
LogInit: Object subsystem initialized
LogConfig: Setting CVar [[con.DebugEarlyDefault:1]]
LogConfig: Setting CVar [[r.setres:1280x720]]
[2020.10.30-21.26.44:666][  0]LogConfig: Setting CVar [[r.VSync:0]]
[2020.10.30-21.26.44:666][  0]LogConfig: Setting CVar [[r.RHICmdBypass:0]]
[2020.10.30-21.26.44:667][  0]LogConfig: Applying CVar settings from Section [/Script/Engine.RendererSettings] File [D:/dev/PlatfromerHW/Saved/Config/Windows/Engine.ini]
[2020.10.30-21.26.44:667][  0]LogConfig: Setting CVar [[r.GPUCrashDebugging:0]]
[2020.10.30-21.26.44:667][  0]LogConfig: Setting CVar [[r.MobileHDR:1]]
[2020.10.30-21.26.44:667][  0]LogConfig: Setting CVar [[r.Mobile.DisableVertexFog:1]]
[2020.10.30-21.26.44:667][  0]LogConfig: Setting CVar [[r.Shadow.CSM.MaxMobileCascades:2]]
[2020.10.30-21.26.44:667][  0]LogConfig: Setting CVar [[r.MobileMSAA:1]]
[2020.10.30-21.26.44:667][  0]LogConfig: Setting CVar [[r.Mobile.UseLegacyShadingModel:0]]
[2020.10.30-21.26.44:667][  0]LogConfig: Setting CVar [[r.Mobile.UseHWsRGBEncoding:0]]
[2020.10.30-21.26.44:667][  0]LogConfig: Setting CVar [[r.Mobile.AllowDitheredLODTransition:0]]
[2020.10.30-21.26.44:667][  0]LogConfig: Setting CVar [[r.Mobile.AllowSoftwareOcclusion:0]]
[2020.10.30-21.26.44:667][  0]LogConfig: Setting CVar [[r.DiscardUnusedQuality:0]]
[2020.10.30-21.26.44:667][  0]LogConfig: Setting CVar [[r.AllowOcclusionQueries:1]]
[2020.10.30-21.26.44:667][  0]LogConfig: Setting CVar [[r.MinScreenRadiusForLights:0.030000]]
[2020.10.30-21.26.44:667][  0]LogConfig: Setting CVar [[r.MinScreenRadiusForDepthPrepass:0.030000]]
[2020.10.30-21.26.44:667][  0]LogConfig: Setting CVar [[r.MinScreenRadiusForCSMDepth:0.010000]]
[2020.10.30-21.26.44:667][  0]LogConfig: Setting CVar [[r.PrecomputedVisibilityWarning:0]]
[2020.10.30-21.26.44:667][  0]LogConfig: Setting CVar [[r.TextureStreaming:1]]
[2020.10.30-21.26.44:667][  0]LogConfig: Setting CVar [[Compat.UseDXT5NormalMaps:0]]
[2020.10.30-21.26.44:667][  0]LogConfig: Setting CVar [[r.VirtualTextures:0]]
[2020.10.30-21.26.44:667][  0]LogConfig: Setting CVar [[r.VirtualTexturedLightmaps:0]]
[2020.10.30-21.26.44:667][  0]LogConfig: Setting CVar [[r.VT.TileSize:128]]
[2020.10.30-21.26.44:667][  0]LogConfig: Setting CVar [[r.VT.TileBorderSize:4]]
[2020.10.30-21.26.44:667][  0]LogConfig: Setting CVar [[r.vt.FeedbackFactor:16]]
[2020.10.30-21.26.44:667][  0]LogConfig: Setting CVar [[r.VT.EnableCompressZlib:1]]
[2020.10.30-21.26.44:667][  0]LogConfig: Setting CVar [[r.VT.EnableCompressCrunch:0]]
[2020.10.30-21.26.44:667][  0]LogConfig: Setting CVar [[r.ClearCoatNormal:0]]
[2020.10.30-21.26.44:667][  0]LogConfig: Setting CVar [[r.ReflectionCaptureResolution:128]]
[2020.10.30-21.26.44:667][  0]LogConfig: Setting CVar [[r.ReflectionEnvironmentLightmapMixBasedOnRoughness:1]]
[2020.10.30-21.26.44:667][  0]LogConfig: Setting CVar [[r.ForwardShading:0]]
[2020.10.30-21.26.44:667][  0]LogConfig: Setting CVar [[r.VertexFoggingForOpaque:1]]
[2020.10.30-21.26.44:667][  0]LogConfig: Setting CVar [[r.AllowStaticLighting:1]]
[2020.10.30-21.26.44:667][  0]LogConfig: Setting CVar [[r.NormalMapsForStaticLighting:0]]
[2020.10.30-21.26.44:667][  0]LogConfig: Setting CVar [[r.GenerateMeshDistanceFields:0]]
[2020.10.30-21.26.44:667][  0]LogConfig: Setting CVar [[r.DistanceFieldBuild.EightBit:0]]
[2020.10.30-21.26.44:667][  0]LogConfig: Setting CVar [[r.GenerateLandscapeGIData:0]]
[2020.10.30-21.26.44:667][  0]LogConfig: Setting CVar [[r.DistanceFieldBuild.Compress:0]]
[2020.10.30-21.26.44:667][  0]LogConfig: Setting CVar [[r.TessellationAdaptivePixelsPerTriangle:48.000000]]
[2020.10.30-21.26.44:667][  0]LogConfig: Setting CVar [[r.SeparateTranslucency:0]]
[2020.10.30-21.26.44:667][  0]LogConfig: Setting CVar [[r.TranslucentSortPolicy:0]]
[2020.10.30-21.26.44:667][  0]LogConfig: Setting CVar [[r.CustomDepth:1]]
[2020.10.30-21.26.44:667][  0]LogConfig: Setting CVar [[r.CustomDepthTemporalAAJitter:1]]
[2020.10.30-21.26.44:667][  0]LogConfig: Setting CVar [[r.PostProcessing.PropagateAlpha:0]]
[2020.10.30-21.26.44:667][  0]LogConfig: Setting CVar [[r.DefaultFeature.Bloom:1]]
[2020.10.30-21.26.44:667][  0]LogConfig: Setting CVar [[r.DefaultFeature.AmbientOcclusion:0]]
[2020.10.30-21.26.44:667][  0]LogConfig: Setting CVar [[r.DefaultFeature.AmbientOcclusionStaticFraction:1]]
[2020.10.30-21.26.44:667][  0]LogConfig: Setting CVar [[r.DefaultFeature.AutoExposure:0]]
[2020.10.30-21.26.44:667][  0]LogConfig: Setting CVar [[r.DefaultFeature.AutoExposure.Method:0]]
[2020.10.30-21.26.44:667][  0]LogConfig: Setting CVar [[r.DefaultFeature.AutoExposure.ExtendDefaultLuminanceRange:0]]
[2020.10.30-21.26.44:667][  0]LogConfig: Setting CVar [[r.UsePreExposure:1]]
[2020.10.30-21.26.44:667][  0]LogConfig: Setting CVar [[r.EyeAdaptation.EditorOnly:1]]
[2020.10.30-21.26.44:668][  0]LogConfig: Setting CVar [[r.DefaultFeature.MotionBlur:0]]
[2020.10.30-21.26.44:668][  0]LogConfig: Setting CVar [[r.DefaultFeature.LensFlare:0]]
[2020.10.30-21.26.44:668][  0]LogConfig: Setting CVar [[r.TemporalAA.Upsampling:0]]
[2020.10.30-21.26.44:668][  0]LogConfig: Setting CVar [[r.SSGI.Enable:0]]
[2020.10.30-21.26.44:668][  0]LogConfig: Setting CVar [[r.DefaultFeature.AntiAliasing:0]]
[2020.10.30-21.26.44:668][  0]LogConfig: Setting CVar [[r.DefaultFeature.LightUnits:1]]
[2020.10.30-21.26.44:668][  0]LogConfig: Setting CVar [[r.DefaultBackBufferPixelFormat:4]]
[2020.10.30-21.26.44:668][  0]LogConfig: Setting CVar [[r.Shadow.UnbuiltPreviewInGame:1]]
[2020.10.30-21.26.44:668][  0]LogConfig: Setting CVar [[r.StencilForLODDither:0]]
[2020.10.30-21.26.44:668][  0]LogConfig: Setting CVar [[r.EarlyZPass:3]]
[2020.10.30-21.26.44:716][  0]LogConfig: Setting CVar [[r.EarlyZPassOnlyMaterialMasking:0]]
[2020.10.30-21.26.44:716][  0]LogConfig: Setting CVar [[r.DBuffer:1]]
[2020.10.30-21.26.44:716][  0]LogConfig: Setting CVar [[r.ClearSceneMethod:1]]
[2020.10.30-21.26.44:716][  0]LogConfig: Setting CVar [[r.BasePassOutputsVelocity:0]]
[2020.10.30-21.26.44:716][  0]LogConfig: Setting CVar [[r.SelectiveBasePassOutputs:0]]
[2020.10.30-21.26.44:716][  0]LogConfig: Setting CVar [[fx.GPUSimulationTextureSizeX:1024]]
[2020.10.30-21.26.44:716][  0]LogConfig: Setting CVar [[fx.GPUSimulationTextureSizeY:1024]]
[2020.10.30-21.26.44:716][  0]LogConfig: Setting CVar [[r.AllowGlobalClipPlane:0]]
[2020.10.30-21.26.44:716][  0]LogConfig: Setting CVar [[r.GBufferFormat:1]]
[2020.10.30-21.26.44:716][  0]LogConfig: Setting CVar [[r.MorphTarget.Mode:1]]
[2020.10.30-21.26.44:716][  0]LogConfig: Setting CVar [[vr.InstancedStereo:0]]
[2020.10.30-21.26.44:716][  0]LogConfig: Setting CVar [[vr.MultiView:0]]
[2020.10.30-21.26.44:716][  0]LogConfig: Setting CVar [[vr.MobileMultiView:0]]
[2020.10.30-21.26.44:716][  0]LogConfig: Setting CVar [[vr.MobileMultiView.Direct:0]]
[2020.10.30-21.26.44:716][  0]LogConfig: Setting CVar [[vr.RoundRobinOcclusion:0]]
[2020.10.30-21.26.44:716][  0]LogConfig: Setting CVar [[vr.ODSCapture:0]]
[2020.10.30-21.26.44:716][  0]LogConfig: Setting CVar [[r.WireframeCullThreshold:5.000000]]
[2020.10.30-21.26.44:716][  0]LogConfig: Setting CVar [[r.RayTracing:0]]
[2020.10.30-21.26.44:716][  0]LogConfig: Setting CVar [[r.RayTracing.UseTextureLod:0]]
[2020.10.30-21.26.44:716][  0]LogConfig: Setting CVar [[r.SupportStationarySkylight:1]]
[2020.10.30-21.26.44:716][  0]LogConfig: Setting CVar [[r.SupportLowQualityLightmaps:1]]
[2020.10.30-21.26.44:716][  0]LogConfig: Setting CVar [[r.SupportPointLightWholeSceneShadows:1]]
[2020.10.30-21.26.44:716][  0]LogConfig: Setting CVar [[r.SupportAtmosphericFog:1]]
[2020.10.30-21.26.44:716][  0]LogConfig: Setting CVar [[r.SupportSkyAtmosphere:1]]
[2020.10.30-21.26.44:716][  0]LogConfig: Setting CVar [[r.SupportSkyAtmosphereAffectsHeightFog:0]]
[2020.10.30-21.26.44:716][  0]LogConfig: Setting CVar [[r.SkinCache.CompileShaders:0]]
[2020.10.30-21.26.44:716][  0]LogConfig: Setting CVar [[r.Mobile.EnableStaticAndCSMShadowReceivers:1]]
[2020.10.30-21.26.44:716][  0]LogConfig: Setting CVar [[r.Mobile.EnableMovableLightCSMShaderCulling:1]]
[2020.10.30-21.26.44:716][  0]LogConfig: Setting CVar [[r.Mobile.AllowDistanceFieldShadows:1]]
[2020.10.30-21.26.44:716][  0]LogConfig: Setting CVar [[r.Mobile.AllowMovableDirectionalLights:1]]
[2020.10.30-21.26.44:716][  0]LogConfig: Setting CVar [[r.MobileNumDynamicPointLights:4]]
[2020.10.30-21.26.44:716][  0]LogConfig: Setting CVar [[r.MobileDynamicPointLightsUseStaticBranch:1]]
[2020.10.30-21.26.44:716][  0]LogConfig: Setting CVar [[r.Mobile.EnableMovableSpotlights:0]]
[2020.10.30-21.26.44:716][  0]LogConfig: Setting CVar [[r.SkinCache.SceneMemoryLimitInMB:128.000000]]
[2020.10.30-21.26.44:716][  0]LogConfig: Setting CVar [[r.GPUSkin.Limit2BoneInfluences:0]]
[2020.10.30-21.26.44:716][  0]LogConfig: Setting CVar [[r.SupportDepthOnlyIndexBuffers:1]]
[2020.10.30-21.26.44:716][  0]LogConfig: Setting CVar [[r.SupportReversedIndexBuffers:1]]
[2020.10.30-21.26.44:716][  0]LogConfig: Setting CVar [[r.SupportMaterialLayers:0]]
[2020.10.30-21.26.44:716][  0]LogConfig: Setting CVar [[r.LightPropagationVolume:0]]
[2020.10.30-21.26.44:716][  0]LogConfig: Applying CVar settings from Section [/Script/Engine.RendererOverrideSettings] File [D:/dev/PlatfromerHW/Saved/Config/Windows/Engine.ini]
[2020.10.30-21.26.44:716][  0]LogConfig: Applying CVar settings from Section [/Script/Engine.StreamingSettings] File [D:/dev/PlatfromerHW/Saved/Config/Windows/Engine.ini]
[2020.10.30-21.26.44:716][  0]LogConfig: Setting CVar [[s.MinBulkDataSizeForAsyncLoading:131072]]
[2020.10.30-21.26.44:716][  0]LogConfig: Setting CVar [[s.AsyncLoadingThreadEnabled:0]]
[2020.10.30-21.26.44:716][  0]LogConfig: Setting CVar [[s.EventDrivenLoaderEnabled:1]]
[2020.10.30-21.26.44:716][  0]LogConfig: Setting CVar [[s.WarnIfTimeLimitExceeded:0]]
[2020.10.30-21.26.44:716][  0]LogConfig: Setting CVar [[s.TimeLimitExceededMultiplier:1.5]]
[2020.10.30-21.26.44:716][  0]LogConfig: Setting CVar [[s.TimeLimitExceededMinTime:0.005]]
[2020.10.30-21.26.44:716][  0]LogConfig: Setting CVar [[s.UseBackgroundLevelStreaming:1]]
[2020.10.30-21.26.44:716][  0]LogConfig: Setting CVar [[s.PriorityAsyncLoadingExtraTime:15.0]]
[2020.10.30-21.26.44:716][  0]LogConfig: Setting CVar [[s.LevelStreamingActorsUpdateTimeLimit:5.0]]
[2020.10.30-21.26.44:716][  0]LogConfig: Setting CVar [[s.PriorityLevelStreamingActorsUpdateExtraTime:5.0]]
[2020.10.30-21.26.44:716][  0]LogConfig: Setting CVar [[s.LevelStreamingComponentsRegistrationGranularity:10]]
[2020.10.30-21.26.44:716][  0]LogConfig: Setting CVar [[s.UnregisterComponentsTimeLimit:1.0]]
[2020.10.30-21.26.44:716][  0]LogConfig: Setting CVar [[s.LevelStreamingComponentsUnregistrationGranularity:5]]
[2020.10.30-21.26.44:716][  0]LogConfig: Setting CVar [[s.FlushStreamingOnExit:1]]
[2020.10.30-21.26.44:716][  0]LogConfig: Applying CVar settings from Section [/Script/Engine.GarbageCollectionSettings] File [D:/dev/PlatfromerHW/Saved/Config/Windows/Engine.ini]
[2020.10.30-21.26.44:716][  0]LogConfig: Setting CVar [[gc.MaxObjectsNotConsideredByGC:1]]
[2020.10.30-21.26.44:716][  0]LogConfig: Setting CVar [[gc.SizeOfPermanentObjectPool:0]]
[2020.10.30-21.26.44:716][  0]LogConfig: Setting CVar [[gc.FlushStreamingOnGC:0]]
[2020.10.30-21.26.44:716][  0]LogConfig: Setting CVar [[gc.NumRetriesBeforeForcingGC:10]]
[2020.10.30-21.26.44:716][  0]LogConfig: Setting CVar [[gc.AllowParallelGC:1]]
[2020.10.30-21.26.44:716][  0]LogConfig: Setting CVar [[gc.TimeBetweenPurgingPendingKillObjects:61.1]]
[2020.10.30-21.26.44:716][  0]LogConfig: Setting CVar [[gc.MaxObjectsInEditor:25165824]]
[2020.10.30-21.26.44:716][  0]LogConfig: Setting CVar [[gc.IncrementalBeginDestroyEnabled:1]]
[2020.10.30-21.26.44:716][  0]LogConfig: Setting CVar [[gc.CreateGCClusters:1]]
[2020.10.30-21.26.44:716][  0]LogConfig: Setting CVar [[gc.MinGCClusterSize:5]]
[2020.10.30-21.26.44:716][  0]LogConfig: Setting CVar [[gc.ActorClusteringEnabled:0]]
[2020.10.30-21.26.44:717][  0]LogConfig: Setting CVar [[gc.BlueprintClusteringEnabled:0]]
[2020.10.30-21.26.44:717][  0]LogConfig: Setting CVar [[gc.UseDisregardForGCOnDedicatedServers:0]]
[2020.10.30-21.26.44:717][  0]LogConfig: Applying CVar settings from Section [/Script/Engine.NetworkSettings] File [D:/dev/PlatfromerHW/Saved/Config/Windows/Engine.ini]
[2020.10.30-21.26.44:717][  0]LogConfig: Applying CVar settings from Section [/Script/UnrealEd.CookerSettings] File [D:/dev/PlatfromerHW/Saved/Config/Windows/Engine.ini]
[2020.10.30-21.26.44:774][  0]LogConfig: Applying CVar settings from Section [ViewDistanceQuality@3] File [D:/dev/PlatfromerHW/Saved/Config/Windows/Scalability.ini]
[2020.10.30-21.26.44:774][  0]LogConfig: Setting CVar [[r.SkeletalMeshLODBias:0]]
[2020.10.30-21.26.44:774][  0]LogConfig: Setting CVar [[r.ViewDistanceScale:1.0]]
[2020.10.30-21.26.44:774][  0]LogConfig: Applying CVar settings from Section [AntiAliasingQuality@3] File [D:/dev/PlatfromerHW/Saved/Config/Windows/Scalability.ini]
[2020.10.30-21.26.44:774][  0]LogConfig: Setting CVar [[r.PostProcessAAQuality:4]]
[2020.10.30-21.26.44:774][  0]LogConfig: Applying CVar settings from Section [ShadowQuality@3] File [D:/dev/PlatfromerHW/Saved/Config/Windows/Scalability.ini]
[2020.10.30-21.26.44:774][  0]LogConfig: Setting CVar [[r.LightFunctionQuality:1]]
[2020.10.30-21.26.44:774][  0]LogConfig: Setting CVar [[r.ShadowQuality:5]]
[2020.10.30-21.26.44:774][  0]LogConfig: Setting CVar [[r.Shadow.CSM.MaxCascades:10]]
[2020.10.30-21.26.44:774][  0]LogConfig: Setting CVar [[r.Shadow.MaxResolution:2048]]
[2020.10.30-21.26.44:774][  0]LogConfig: Setting CVar [[r.Shadow.MaxCSMResolution:2048]]
[2020.10.30-21.26.44:774][  0]LogConfig: Setting CVar [[r.Shadow.RadiusThreshold:0.01]]
[2020.10.30-21.26.44:774][  0]LogConfig: Setting CVar [[r.Shadow.DistanceScale:1.0]]
[2020.10.30-21.26.44:774][  0]LogConfig: Setting CVar [[r.Shadow.CSM.TransitionScale:1.0]]
[2020.10.30-21.26.44:774][  0]LogConfig: Setting CVar [[r.Shadow.PreShadowResolutionFactor:1.0]]
[2020.10.30-21.26.44:774][  0]LogConfig: Setting CVar [[r.DistanceFieldShadowing:1]]
[2020.10.30-21.26.44:774][  0]LogConfig: Setting CVar [[r.DistanceFieldAO:1]]
[2020.10.30-21.26.44:774][  0]LogConfig: Setting CVar [[r.AOQuality:2]]
[2020.10.30-21.26.44:774][  0]LogConfig: Setting CVar [[r.VolumetricFog:1]]
[2020.10.30-21.26.44:774][  0]LogConfig: Setting CVar [[r.VolumetricFog.GridPixelSize:8]]
[2020.10.30-21.26.44:774][  0]LogConfig: Setting CVar [[r.VolumetricFog.GridSizeZ:128]]
[2020.10.30-21.26.44:774][  0]LogConfig: Setting CVar [[r.VolumetricFog.HistoryMissSupersampleCount:4]]
[2020.10.30-21.26.44:774][  0]LogConfig: Setting CVar [[r.LightMaxDrawDistanceScale:1]]
[2020.10.30-21.26.44:774][  0]LogConfig: Setting CVar [[r.CapsuleShadows:1]]
[2020.10.30-21.26.44:774][  0]LogConfig: Applying CVar settings from Section [PostProcessQuality@3] File [D:/dev/PlatfromerHW/Saved/Config/Windows/Scalability.ini]
[2020.10.30-21.26.44:774][  0]LogConfig: Setting CVar [[r.MotionBlurQuality:4]]
[2020.10.30-21.26.44:774][  0]LogConfig: Setting CVar [[r.AmbientOcclusionMipLevelFactor:0.4]]
[2020.10.30-21.26.44:774][  0]LogConfig: Setting CVar [[r.AmbientOcclusionMaxQuality:100]]
[2020.10.30-21.26.44:774][  0]LogConfig: Setting CVar [[r.AmbientOcclusionLevels:-1]]
[2020.10.30-21.26.44:774][  0]LogConfig: Setting CVar [[r.AmbientOcclusionRadiusScale:1.0]]
[2020.10.30-21.26.44:774][  0]LogConfig: Setting CVar [[r.DepthOfFieldQuality:2]]
[2020.10.30-21.26.44:774][  0]LogConfig: Setting CVar [[r.RenderTargetPoolMin:400]]
[2020.10.30-21.26.44:774][  0]LogConfig: Setting CVar [[r.LensFlareQuality:2]]
[2020.10.30-21.26.44:775][  0]LogConfig: Setting CVar [[r.SceneColorFringeQuality:1]]
[2020.10.30-21.26.44:775][  0]LogConfig: Setting CVar [[r.EyeAdaptationQuality:2]]
[2020.10.30-21.26.44:775][  0]LogConfig: Setting CVar [[r.BloomQuality:5]]
[2020.10.30-21.26.44:775][  0]LogConfig: Setting CVar [[r.FastBlurThreshold:100]]
[2020.10.30-21.26.44:775][  0]LogConfig: Setting CVar [[r.Upscale.Quality:3]]
[2020.10.30-21.26.44:775][  0]LogConfig: Setting CVar [[r.Tonemapper.GrainQuantization:1]]
[2020.10.30-21.26.44:775][  0]LogConfig: Setting CVar [[r.LightShaftQuality:1]]
[2020.10.30-21.26.44:775][  0]LogConfig: Setting CVar [[r.Filter.SizeScale:1]]
[2020.10.30-21.26.44:775][  0]LogConfig: Setting CVar [[r.Tonemapper.Quality:5]]
[2020.10.30-21.26.44:775][  0]LogConfig: Setting CVar [[r.DOF.Gather.AccumulatorQuality:1        ; higher gathering accumulator quality]]
[2020.10.30-21.26.44:775][  0]LogConfig: Setting CVar [[r.DOF.Gather.PostfilterMethod:1          ; Median3x3 postfilering method]]
[2020.10.30-21.26.44:775][  0]LogConfig: Setting CVar [[r.DOF.Gather.EnableBokehSettings:0       ; no bokeh simulation when gathering]]
[2020.10.30-21.26.44:775][  0]LogConfig: Setting CVar [[r.DOF.Gather.RingCount:4                 ; medium number of samples when gathering]]
[2020.10.30-21.26.44:775][  0]LogConfig: Setting CVar [[r.DOF.Scatter.ForegroundCompositing:1    ; additive foreground scattering]]
[2020.10.30-21.26.44:775][  0]LogConfig: Setting CVar [[r.DOF.Scatter.BackgroundCompositing:2    ; additive background scattering]]
[2020.10.30-21.26.44:775][  0]LogConfig: Setting CVar [[r.DOF.Scatter.EnableBokehSettings:1      ; bokeh simulation when scattering]]
[2020.10.30-21.26.44:775][  0]LogConfig: Setting CVar [[r.DOF.Scatter.MaxSpriteRatio:0.1         ; only a maximum of 10% of scattered bokeh]]
[2020.10.30-21.26.44:775][  0]LogConfig: Setting CVar [[r.DOF.Recombine.Quality:1                ; cheap slight out of focus]]
[2020.10.30-21.26.44:775][  0]LogConfig: Setting CVar [[r.DOF.Recombine.EnableBokehSettings:0    ; no bokeh simulation on slight out of focus]]
[2020.10.30-21.26.44:775][  0]LogConfig: Setting CVar [[r.DOF.TemporalAAQuality:1                ; more stable temporal accumulation]]
[2020.10.30-21.26.44:775][  0]LogConfig: Setting CVar [[r.DOF.Kernel.MaxForegroundRadius:0.025]]
[2020.10.30-21.26.44:775][  0]LogConfig: Setting CVar [[r.DOF.Kernel.MaxBackgroundRadius:0.025]]
[2020.10.30-21.26.44:775][  0]LogConfig: Applying CVar settings from Section [TextureQuality@3] File [D:/dev/PlatfromerHW/Saved/Config/Windows/Scalability.ini]
[2020.10.30-21.26.44:775][  0]LogConfig: Setting CVar [[r.Streaming.MipBias:0]]
[2020.10.30-21.26.44:775][  0]LogConfig: Setting CVar [[r.Streaming.AmortizeCPUToGPUCopy:0]]
[2020.10.30-21.26.44:775][  0]LogConfig: Setting CVar [[r.Streaming.MaxNumTexturesToStreamPerFrame:0]]
[2020.10.30-21.26.44:775][  0]LogConfig: Setting CVar [[r.Streaming.Boost:1]]
[2020.10.30-21.26.44:775][  0]LogConfig: Setting CVar [[r.MaxAnisotropy:8]]
[2020.10.30-21.26.44:775][  0]LogConfig: Setting CVar [[r.VT.MaxAnisotropy:8]]
[2020.10.30-21.26.44:775][  0]LogConfig: Setting CVar [[r.Streaming.LimitPoolSizeToVRAM:0]]
[2020.10.30-21.26.44:775][  0]LogConfig: Setting CVar [[r.Streaming.PoolSize:1000]]
[2020.10.30-21.26.44:775][  0]LogConfig: Setting CVar [[r.Streaming.MaxEffectiveScreenSize:0]]
[2020.10.30-21.26.44:775][  0]LogConfig: Applying CVar settings from Section [EffectsQuality@3] File [D:/dev/PlatfromerHW/Saved/Config/Windows/Scalability.ini]
[2020.10.30-21.26.44:775][  0]LogConfig: Setting CVar [[r.TranslucencyLightingVolumeDim:64]]
[2020.10.30-21.26.44:775][  0]LogConfig: Setting CVar [[r.RefractionQuality:2]]
[2020.10.30-21.26.44:775][  0]LogConfig: Setting CVar [[r.SSR.Quality:3]]
[2020.10.30-21.26.44:775][  0]LogConfig: Setting CVar [[r.SSR.HalfResSceneColor:0]]
[2020.10.30-21.26.44:775][  0]LogConfig: Setting CVar [[r.SceneColorFormat:4]]
[2020.10.30-21.26.44:775][  0]LogConfig: Setting CVar [[r.DetailMode:2]]
[2020.10.30-21.26.44:775][  0]LogConfig: Setting CVar [[r.TranslucencyVolumeBlur:1]]
[2020.10.30-21.26.44:775][  0]LogConfig: Setting CVar [[r.MaterialQualityLevel:1 ; High quality]]
[2020.10.30-21.26.44:775][  0]LogConfig: Setting CVar [[r.SSS.Scale:1]]
[2020.10.30-21.26.44:775][  0]LogConfig: Setting CVar [[r.SSS.SampleSet:2]]
[2020.10.30-21.26.44:775][  0]LogConfig: Setting CVar [[r.SSS.Quality:1]]
[2020.10.30-21.26.44:775][  0]LogConfig: Setting CVar [[r.SSS.HalfRes:1]]
[2020.10.30-21.26.44:775][  0]LogConfig: Setting CVar [[r.SSGI.Quality:3]]
[2020.10.30-21.26.44:775][  0]LogConfig: Setting CVar [[r.EmitterSpawnRateScale:1.0]]
[2020.10.30-21.26.44:775][  0]LogConfig: Setting CVar [[r.ParticleLightQuality:2]]
[2020.10.30-21.26.44:775][  0]LogConfig: Setting CVar [[r.SkyAtmosphere.AerialPerspectiveLUT.FastApplyOnOpaque:1 ; Always have FastSkyLUT 1 in this case to avoid wrong sky]]
[2020.10.30-21.26.44:775][  0]LogConfig: Setting CVar [[r.SkyAtmosphere.AerialPerspectiveLUT.SampleCountPerSlice:1]]
[2020.10.30-21.26.44:775][  0]LogConfig: Setting CVar [[r.SkyAtmosphere.AerialPerspectiveLUT.DepthResolution:16.0]]
[2020.10.30-21.26.44:775][  0]LogConfig: Setting CVar [[r.SkyAtmosphere.FastSkyLUT:1]]
[2020.10.30-21.26.44:775][  0]LogConfig: Setting CVar [[r.SkyAtmosphere.FastSkyLUT.SampleCountMin:4.0]]
[2020.10.30-21.26.44:775][  0]LogConfig: Setting CVar [[r.SkyAtmosphere.FastSkyLUT.SampleCountMax:32.0]]
[2020.10.30-21.26.44:775][  0]LogConfig: Setting CVar [[r.SkyAtmosphere.SampleCountMin:4.0]]
[2020.10.30-21.26.44:775][  0]LogConfig: Setting CVar [[r.SkyAtmosphere.SampleCountMax:32.0]]
[2020.10.30-21.26.44:775][  0]LogConfig: Setting CVar [[r.SkyAtmosphere.TransmittanceLUT.UseSmallFormat:0]]
[2020.10.30-21.26.44:775][  0]LogConfig: Setting CVar [[r.SkyAtmosphere.TransmittanceLUT.SampleCount:10.0]]
[2020.10.30-21.26.44:775][  0]LogConfig: Setting CVar [[r.SkyAtmosphere.MultiScatteringLUT.SampleCount:15.0]]
[2020.10.30-21.26.44:775][  0]LogConfig: Applying CVar settings from Section [FoliageQuality@3] File [D:/dev/PlatfromerHW/Saved/Config/Windows/Scalability.ini]
[2020.10.30-21.26.44:775][  0]LogConfig: Setting CVar [[foliage.DensityScale:1.0]]
[2020.10.30-21.26.44:775][  0]LogConfig: Setting CVar [[grass.DensityScale:1.0]]
[2020.10.30-21.26.44:775][  0]LogConfig: Applying CVar settings from Section [ShadingQuality@3] File [D:/dev/PlatfromerHW/Saved/Config/Windows/Scalability.ini]
[2020.10.30-21.26.44:775][  0]LogConfig: Setting CVar [[r.HairStrands.SkyLighting.SampleCount:16]]
[2020.10.30-21.26.44:775][  0]LogConfig: Setting CVar [[r.HairStrands.SkyLighting.JitterIntegration:0]]
[2020.10.30-21.26.44:775][  0]LogConfig: Setting CVar [[r.HairStrands.SkyAO.SampleCount:16]]
[2020.10.30-21.26.44:785][  0]LogInit: Selected Device Profile: [Windows]
[2020.10.30-21.26.44:785][  0]LogInit: Applying CVar settings loaded from the selected device profile: [Windows]
[2020.10.30-21.26.44:837][  0]LogHAL: Display: Platform has ~ 16 GB [17136525312 / 17179869184 / 16], which maps to Larger [LargestMinGB=32, LargerMinGB=12, DefaultMinGB=8, SmallerMinGB=6, SmallestMinGB=0)
[2020.10.30-21.26.44:837][  0]LogInit: Going up to parent DeviceProfile []
[2020.10.30-21.26.44:837][  0]LogConfig: Applying CVar settings from Section [ViewDistanceQuality@3] File [D:/dev/PlatfromerHW/Saved/Config/Windows/Scalability.ini]
[2020.10.30-21.26.44:837][  0]LogConfig: Setting CVar [[r.SkeletalMeshLODBias:0]]
[2020.10.30-21.26.44:837][  0]LogConfig: Setting CVar [[r.ViewDistanceScale:1.0]]
[2020.10.30-21.26.44:837][  0]LogConfig: Applying CVar settings from Section [AntiAliasingQuality@3] File [D:/dev/PlatfromerHW/Saved/Config/Windows/Scalability.ini]
[2020.10.30-21.26.44:837][  0]LogConfig: Setting CVar [[r.PostProcessAAQuality:4]]
[2020.10.30-21.26.44:837][  0]LogConfig: Applying CVar settings from Section [ShadowQuality@3] File [D:/dev/PlatfromerHW/Saved/Config/Windows/Scalability.ini]
[2020.10.30-21.26.44:837][  0]LogConfig: Setting CVar [[r.LightFunctionQuality:1]]
[2020.10.30-21.26.44:837][  0]LogConfig: Setting CVar [[r.ShadowQuality:5]]
[2020.10.30-21.26.44:838][  0]LogConfig: Setting CVar [[r.Shadow.CSM.MaxCascades:10]]
[2020.10.30-21.26.44:838][  0]LogConfig: Setting CVar [[r.Shadow.MaxResolution:2048]]
[2020.10.30-21.26.44:838][  0]LogConfig: Setting CVar [[r.Shadow.MaxCSMResolution:2048]]
[2020.10.30-21.26.44:838][  0]LogConfig: Setting CVar [[r.Shadow.RadiusThreshold:0.01]]
[2020.10.30-21.26.44:838][  0]LogConfig: Setting CVar [[r.Shadow.DistanceScale:1.0]]
[2020.10.30-21.26.44:838][  0]LogConfig: Setting CVar [[r.Shadow.CSM.TransitionScale:1.0]]
[2020.10.30-21.26.44:838][  0]LogConfig: Setting CVar [[r.Shadow.PreShadowResolutionFactor:1.0]]
[2020.10.30-21.26.44:838][  0]LogConfig: Setting CVar [[r.DistanceFieldShadowing:1]]
[2020.10.30-21.26.44:838][  0]LogConfig: Setting CVar [[r.DistanceFieldAO:1]]
[2020.10.30-21.26.44:838][  0]LogConfig: Setting CVar [[r.AOQuality:2]]
[2020.10.30-21.26.44:838][  0]LogConfig: Setting CVar [[r.VolumetricFog:1]]
[2020.10.30-21.26.44:838][  0]LogConfig: Setting CVar [[r.VolumetricFog.GridPixelSize:8]]
[2020.10.30-21.26.44:838][  0]LogConfig: Setting CVar [[r.VolumetricFog.GridSizeZ:128]]
[2020.10.30-21.26.44:838][  0]LogConfig: Setting CVar [[r.VolumetricFog.HistoryMissSupersampleCount:4]]
[2020.10.30-21.26.44:838][  0]LogConfig: Setting CVar [[r.LightMaxDrawDistanceScale:1]]
[2020.10.30-21.26.44:838][  0]LogConfig: Setting CVar [[r.CapsuleShadows:1]]
[2020.10.30-21.26.44:838][  0]LogConfig: Applying CVar settings from Section [PostProcessQuality@3] File [D:/dev/PlatfromerHW/Saved/Config/Windows/Scalability.ini]
[2020.10.30-21.26.44:838][  0]LogConfig: Setting CVar [[r.MotionBlurQuality:4]]
[2020.10.30-21.26.44:838][  0]LogConfig: Setting CVar [[r.AmbientOcclusionMipLevelFactor:0.4]]
[2020.10.30-21.26.44:838][  0]LogConfig: Setting CVar [[r.AmbientOcclusionMaxQuality:100]]
[2020.10.30-21.26.44:838][  0]LogConfig: Setting CVar [[r.AmbientOcclusionLevels:-1]]
[2020.10.30-21.26.44:838][  0]LogConfig: Setting CVar [[r.AmbientOcclusionRadiusScale:1.0]]
[2020.10.30-21.26.44:838][  0]LogConfig: Setting CVar [[r.DepthOfFieldQuality:2]]
[2020.10.30-21.26.44:838][  0]LogConfig: Setting CVar [[r.RenderTargetPoolMin:400]]
[2020.10.30-21.26.44:838][  0]LogConfig: Setting CVar [[r.LensFlareQuality:2]]
[2020.10.30-21.26.44:838][  0]LogConfig: Setting CVar [[r.SceneColorFringeQuality:1]]
[2020.10.30-21.26.44:838][  0]LogConfig: Setting CVar [[r.EyeAdaptationQuality:2]]
[2020.10.30-21.26.44:838][  0]LogConfig: Setting CVar [[r.BloomQuality:5]]
[2020.10.30-21.26.44:838][  0]LogConfig: Setting CVar [[r.FastBlurThreshold:100]]
[2020.10.30-21.26.44:838][  0]LogConfig: Setting CVar [[r.Upscale.Quality:3]]
[2020.10.30-21.26.44:838][  0]LogConfig: Setting CVar [[r.Tonemapper.GrainQuantization:1]]
[2020.10.30-21.26.44:838][  0]LogConfig: Setting CVar [[r.LightShaftQuality:1]]
[2020.10.30-21.26.44:838][  0]LogConfig: Setting CVar [[r.Filter.SizeScale:1]]
[2020.10.30-21.26.44:838][  0]LogConfig: Setting CVar [[r.Tonemapper.Quality:5]]
[2020.10.30-21.26.44:838][  0]LogConfig: Setting CVar [[r.DOF.Gather.AccumulatorQuality:1        ; higher gathering accumulator quality]]
[2020.10.30-21.26.44:838][  0]LogConfig: Setting CVar [[r.DOF.Gather.PostfilterMethod:1          ; Median3x3 postfilering method]]
[2020.10.30-21.26.44:838][  0]LogConfig: Setting CVar [[r.DOF.Gather.EnableBokehSettings:0       ; no bokeh simulation when gathering]]
[2020.10.30-21.26.44:838][  0]LogConfig: Setting CVar [[r.DOF.Gather.RingCount:4                 ; medium number of samples when gathering]]
[2020.10.30-21.26.44:838][  0]LogConfig: Setting CVar [[r.DOF.Scatter.ForegroundCompositing:1    ; additive foreground scattering]]
[2020.10.30-21.26.44:838][  0]LogConfig: Setting CVar [[r.DOF.Scatter.BackgroundCompositing:2    ; additive background scattering]]
[2020.10.30-21.26.44:838][  0]LogConfig: Setting CVar [[r.DOF.Scatter.EnableBokehSettings:1      ; bokeh simulation when scattering]]
[2020.10.30-21.26.44:838][  0]LogConfig: Setting CVar [[r.DOF.Scatter.MaxSpriteRatio:0.1         ; only a maximum of 10% of scattered bokeh]]
[2020.10.30-21.26.44:838][  0]LogConfig: Setting CVar [[r.DOF.Recombine.Quality:1                ; cheap slight out of focus]]
[2020.10.30-21.26.44:838][  0]LogConfig: Setting CVar [[r.DOF.Recombine.EnableBokehSettings:0    ; no bokeh simulation on slight out of focus]]
[2020.10.30-21.26.44:838][  0]LogConfig: Setting CVar [[r.DOF.TemporalAAQuality:1                ; more stable temporal accumulation]]
[2020.10.30-21.26.44:838][  0]LogConfig: Setting CVar [[r.DOF.Kernel.MaxForegroundRadius:0.025]]
[2020.10.30-21.26.44:838][  0]LogConfig: Setting CVar [[r.DOF.Kernel.MaxBackgroundRadius:0.025]]
[2020.10.30-21.26.44:839][  0]LogConfig: Applying CVar settings from Section [TextureQuality@3] File [D:/dev/PlatfromerHW/Saved/Config/Windows/Scalability.ini]
[2020.10.30-21.26.44:839][  0]LogConfig: Setting CVar [[r.Streaming.MipBias:0]]
[2020.10.30-21.26.44:839][  0]LogConfig: Setting CVar [[r.Streaming.AmortizeCPUToGPUCopy:0]]
[2020.10.30-21.26.44:839][  0]LogConfig: Setting CVar [[r.Streaming.MaxNumTexturesToStreamPerFrame:0]]
[2020.10.30-21.26.44:839][  0]LogConfig: Setting CVar [[r.Streaming.Boost:1]]
[2020.10.30-21.26.44:839][  0]LogConfig: Setting CVar [[r.MaxAnisotropy:8]]
[2020.10.30-21.26.44:839][  0]LogConfig: Setting CVar [[r.VT.MaxAnisotropy:8]]
[2020.10.30-21.26.44:839][  0]LogConfig: Setting CVar [[r.Streaming.LimitPoolSizeToVRAM:0]]
[2020.10.30-21.26.44:839][  0]LogConfig: Setting CVar [[r.Streaming.PoolSize:1000]]
[2020.10.30-21.26.44:839][  0]LogConfig: Setting CVar [[r.Streaming.MaxEffectiveScreenSize:0]]
[2020.10.30-21.26.44:839][  0]LogConfig: Applying CVar settings from Section [EffectsQuality@3] File [D:/dev/PlatfromerHW/Saved/Config/Windows/Scalability.ini]
[2020.10.30-21.26.44:839][  0]LogConfig: Setting CVar [[r.TranslucencyLightingVolumeDim:64]]
[2020.10.30-21.26.44:839][  0]LogConfig: Setting CVar [[r.RefractionQuality:2]]
[2020.10.30-21.26.44:839][  0]LogConfig: Setting CVar [[r.SSR.Quality:3]]
[2020.10.30-21.26.44:839][  0]LogConfig: Setting CVar [[r.SSR.HalfResSceneColor:0]]
[2020.10.30-21.26.44:839][  0]LogConfig: Setting CVar [[r.SceneColorFormat:4]]
[2020.10.30-21.26.44:839][  0]LogConfig: Setting CVar [[r.DetailMode:2]]
[2020.10.30-21.26.44:839][  0]LogConfig: Setting CVar [[r.TranslucencyVolumeBlur:1]]
[2020.10.30-21.26.44:839][  0]LogConfig: Setting CVar [[r.MaterialQualityLevel:1 ; High quality]]
[2020.10.30-21.26.44:839][  0]LogConfig: Setting CVar [[r.SSS.Scale:1]]
[2020.10.30-21.26.44:839][  0]LogConfig: Setting CVar [[r.SSS.SampleSet:2]]
[2020.10.30-21.26.44:839][  0]LogConfig: Setting CVar [[r.SSS.Quality:1]]
[2020.10.30-21.26.44:839][  0]LogConfig: Setting CVar [[r.SSS.HalfRes:1]]
[2020.10.30-21.26.44:839][  0]LogConfig: Setting CVar [[r.SSGI.Quality:3]]
[2020.10.30-21.26.44:839][  0]LogConfig: Setting CVar [[r.EmitterSpawnRateScale:1.0]]
[2020.10.30-21.26.44:839][  0]LogConfig: Setting CVar [[r.ParticleLightQuality:2]]
[2020.10.30-21.26.44:839][  0]LogConfig: Setting CVar [[r.SkyAtmosphere.AerialPerspectiveLUT.FastApplyOnOpaque:1 ; Always have FastSkyLUT 1 in this case to avoid wrong sky]]
[2020.10.30-21.26.44:839][  0]LogConfig: Setting CVar [[r.SkyAtmosphere.AerialPerspectiveLUT.SampleCountPerSlice:1]]
[2020.10.30-21.26.44:839][  0]LogConfig: Setting CVar [[r.SkyAtmosphere.AerialPerspectiveLUT.DepthResolution:16.0]]
[2020.10.30-21.26.44:839][  0]LogConfig: Setting CVar [[r.SkyAtmosphere.FastSkyLUT:1]]
[2020.10.30-21.26.44:839][  0]LogConfig: Setting CVar [[r.SkyAtmosphere.FastSkyLUT.SampleCountMin:4.0]]
[2020.10.30-21.26.44:839][  0]LogConfig: Setting CVar [[r.SkyAtmosphere.FastSkyLUT.SampleCountMax:32.0]]
[2020.10.30-21.26.44:839][  0]LogConfig: Setting CVar [[r.SkyAtmosphere.SampleCountMin:4.0]]
[2020.10.30-21.26.44:839][  0]LogConfig: Setting CVar [[r.SkyAtmosphere.SampleCountMax:32.0]]
[2020.10.30-21.26.44:839][  0]LogConfig: Setting CVar [[r.SkyAtmosphere.TransmittanceLUT.UseSmallFormat:0]]
[2020.10.30-21.26.44:839][  0]LogConfig: Setting CVar [[r.SkyAtmosphere.TransmittanceLUT.SampleCount:10.0]]
[2020.10.30-21.26.44:839][  0]LogConfig: Setting CVar [[r.SkyAtmosphere.MultiScatteringLUT.SampleCount:15.0]]
[2020.10.30-21.26.44:839][  0]LogConfig: Applying CVar settings from Section [FoliageQuality@3] File [D:/dev/PlatfromerHW/Saved/Config/Windows/Scalability.ini]
[2020.10.30-21.26.44:839][  0]LogConfig: Setting CVar [[foliage.DensityScale:1.0]]
[2020.10.30-21.26.44:839][  0]LogConfig: Setting CVar [[grass.DensityScale:1.0]]
[2020.10.30-21.26.44:839][  0]LogConfig: Applying CVar settings from Section [ShadingQuality@3] File [D:/dev/PlatfromerHW/Saved/Config/Windows/Scalability.ini]
[2020.10.30-21.26.44:839][  0]LogConfig: Setting CVar [[r.HairStrands.SkyLighting.SampleCount:16]]
[2020.10.30-21.26.44:839][  0]LogConfig: Setting CVar [[r.HairStrands.SkyLighting.JitterIntegration:0]]
[2020.10.30-21.26.44:839][  0]LogConfig: Setting CVar [[r.HairStrands.SkyAO.SampleCount:16]]
[2020.10.30-21.26.44:840][  0]LogConfig: Applying CVar settings from Section [Startup] File [../../../Engine/Config/ConsoleVariables.ini]
[2020.10.30-21.26.44:854][  0]LogConfig: Setting CVar [[net.UseAdaptiveNetUpdateFrequency:0]]
[2020.10.30-21.26.44:854][  0]LogConfig: Setting CVar [[p.chaos.AllowCreatePhysxBodies:1]]
[2020.10.30-21.26.44:854][  0]LogConfig: Applying CVar settings from Section [ConsoleVariables] File [D:/dev/PlatfromerHW/Saved/Config/Windows/Engine.ini]
[2020.10.30-21.26.44:864][  0]LogInit: Computer: LAPTOP-NSSHGCPH
[2020.10.30-21.26.44:864][  0]LogInit: User: admin
[2020.10.30-21.26.44:864][  0]LogInit: CPU Page size=4096, Cores=4
[2020.10.30-21.26.44:864][  0]LogInit: High frequency timer resolution =10.000000 MHz
[2020.10.30-21.26.44:864][  0]LogMemory: Memory total: Physical=16.0GB (16GB approx)
[2020.10.30-21.26.44:864][  0]LogMemory: Platform Memory Stats for Windows
[2020.10.30-21.26.44:864][  0]LogMemory: Process Physical Memory: 108.48 MB used, 108.48 MB peak
[2020.10.30-21.26.44:864][  0]LogMemory: Process Virtual Memory: 100.69 MB used, 100.69 MB peak
[2020.10.30-21.26.44:864][  0]LogMemory: Physical Memory: 10871.63 MB used,  5471.04 MB free, 16342.66 MB total
[2020.10.30-21.26.44:864][  0]LogMemory: Virtual Memory: 5138.23 MB used,  134212592.00 MB free, 134217728.00 MB total
[2020.10.30-21.26.44:876][  0]LogWindows: WindowsPlatformFeatures enabled
[2020.10.30-21.26.46:053][  0]LogInit: Using OS detected language (en-US).
[2020.10.30-21.26.46:053][  0]LogInit: Using OS detected locale (ru-RU).
[2020.10.30-21.26.46:054][  0]LogTextLocalizationManager: No specific localization for 'en-US' exists, so the 'en' localization will be used.
[2020.10.30-21.26.46:694][  0]LogInit: Setting process to per monitor DPI aware
[2020.10.30-21.26.47:292][  0]LogSlate: New Slate User Created.  User Index 0, Is Virtual User: 0
[2020.10.30-21.26.47:292][  0]LogSlate: Slate User Registered.  User Index 0, Is Virtual User: 0
[2020.10.30-21.26.51:187][  0]LogHMD: Failed to initialize OpenVR with code 110
[2020.10.30-21.26.51:187][  0]LogD3D11RHI: D3D11 min allowed feature level: 11_0
[2020.10.30-21.26.51:187][  0]LogD3D11RHI: D3D11 max allowed feature level: 11_0
[2020.10.30-21.26.51:187][  0]LogD3D11RHI: D3D11 adapters:
[2020.10.30-21.26.51:276][  0]LogD3D11RHI:    0. 'NVIDIA GeForce GTX 1060 with Max-Q Design' (Feature Level 11_0)
[2020.10.30-21.26.51:276][  0]LogD3D11RHI:       6052/0/8171 MB DedicatedVideo/DedicatedSystem/SharedSystem, Outputs:1, VendorId:0x10de
[2020.10.30-21.26.51:283][  0]LogD3D11RHI:    1. 'Microsoft Basic Render Driver' (Feature Level 11_0)
[2020.10.30-21.26.51:283][  0]LogD3D11RHI:       0/0/8171 MB DedicatedVideo/DedicatedSystem/SharedSystem, Outputs:0, VendorId:0x1414
[2020.10.30-21.26.51:283][  0]LogD3D11RHI: Chosen D3D11 Adapter: 0
[2020.10.30-21.26.51:304][  0]LogD3D11RHI: Creating new Direct3DDevice
[2020.10.30-21.26.51:338][  0]LogD3D11RHI:     GPU DeviceId: 0x1c60 (for the marketing name, search the web for "GPU Device Id")
[2020.10.30-21.26.51:338][  0]LogWindows: EnumDisplayDevices:
[2020.10.30-21.26.51:339][  0]LogWindows:    0. 'NVIDIA GeForce GTX 1060 with Max-Q Design' (P:1 D:1)
[2020.10.30-21.26.51:339][  0]LogWindows:    1. 'NVIDIA GeForce GTX 1060 with Max-Q Design' (P:0 D:0)
[2020.10.30-21.26.51:339][  0]LogWindows:    2. 'NVIDIA GeForce GTX 1060 with Max-Q Design' (P:0 D:0)
[2020.10.30-21.26.51:340][  0]LogWindows:    3. 'NVIDIA GeForce GTX 1060 with Max-Q Design' (P:0 D:0)
[2020.10.30-21.26.51:340][  0]LogWindows: DebugString: FoundDriverCount:4 
[2020.10.30-21.26.51:340][  0]LogD3D11RHI:     Adapter Name: NVIDIA GeForce GTX 1060 with Max-Q Design
[2020.10.30-21.26.51:340][  0]LogD3D11RHI:   Driver Version: 451.67 (internal:27.21.14.5167, unified:451.67)
[2020.10.30-21.26.51:340][  0]LogD3D11RHI:      Driver Date: 7-5-2020
[2020.10.30-21.26.51:340][  0]LogRHI: Texture pool is 4236 MB (70% of 6052 MB)
[2020.10.30-21.26.51:409][  0]LogD3D11RHI: RHI has support for 64 bit atomics
[2020.10.30-21.26.51:410][  0]LogD3D11RHI: Async texture creation enabled
[2020.10.30-21.26.51:631][  0]LogD3D11RHI: GPU Timing Frequency: 1000.000000 (Debug: 2 1)
[2020.10.30-21.26.52:848][  0]LogTargetPlatformManager: Display: Loaded TargetPlatform 'AllDesktop'
[2020.10.30-21.26.52:940][  0]LogTargetPlatformManager: Display: Loaded TargetPlatform 'Android'
[2020.10.30-21.26.52:940][  0]LogTargetPlatformManager: Display: Loaded TargetPlatform 'Android_ASTC'
[2020.10.30-21.26.52:940][  0]LogTargetPlatformManager: Display: Loaded TargetPlatform 'Android_ATC'
[2020.10.30-21.26.52:940][  0]LogTargetPlatformManager: Display: Loaded TargetPlatform 'Android_DXT'
[2020.10.30-21.26.52:940][  0]LogTargetPlatformManager: Display: Loaded TargetPlatform 'Android_ETC1'
[2020.10.30-21.26.52:940][  0]LogTargetPlatformManager: Display: Loaded TargetPlatform 'Android_ETC1a'
[2020.10.30-21.26.52:940][  0]LogTargetPlatformManager: Display: Loaded TargetPlatform 'Android_ETC2'
[2020.10.30-21.26.52:940][  0]LogTargetPlatformManager: Display: Loaded TargetPlatform 'Android_PVRTC'
[2020.10.30-21.26.52:940][  0]LogTargetPlatformManager: Display: Loaded TargetPlatform 'AndroidClient'
[2020.10.30-21.26.52:940][  0]LogTargetPlatformManager: Display: Loaded TargetPlatform 'Android_ASTCClient'
[2020.10.30-21.26.52:940][  0]LogTargetPlatformManager: Display: Loaded TargetPlatform 'Android_ATCClient'
[2020.10.30-21.26.52:940][  0]LogTargetPlatformManager: Display: Loaded TargetPlatform 'Android_DXTClient'
[2020.10.30-21.26.52:940][  0]LogTargetPlatformManager: Display: Loaded TargetPlatform 'Android_ETC1Client'
[2020.10.30-21.26.52:940][  0]LogTargetPlatformManager: Display: Loaded TargetPlatform 'Android_ETC1aClient'
[2020.10.30-21.26.52:940][  0]LogTargetPlatformManager: Display: Loaded TargetPlatform 'Android_ETC2Client'
[2020.10.30-21.26.52:940][  0]LogTargetPlatformManager: Display: Loaded TargetPlatform 'Android_PVRTCClient'
[2020.10.30-21.26.52:940][  0]LogTargetPlatformManager: Display: Loaded TargetPlatform 'Android_Multi'
[2020.10.30-21.26.52:940][  0]LogTargetPlatformManager: Display: Loaded TargetPlatform 'Android_MultiClient'
[2020.10.30-21.26.53:099][  0]LogTargetPlatformManager: Display: Loaded TargetPlatform 'IOSClient'
[2020.10.30-21.26.53:099][  0]LogTargetPlatformManager: Display: Loaded TargetPlatform 'IOS'
[2020.10.30-21.26.53:141][  0]LogTargetPlatformManager: Display: Loaded TargetPlatform 'LinuxNoEditor'
[2020.10.30-21.26.53:178][  0]LogTargetPlatformManager: Display: Loaded TargetPlatform 'LinuxClient'
[2020.10.30-21.26.53:202][  0]LogTargetPlatformManager: Display: Loaded TargetPlatform 'LinuxServer'
[2020.10.30-21.26.53:236][  0]LogTargetPlatformManager: Display: Loaded TargetPlatform 'LinuxAArch64NoEditor'
[2020.10.30-21.26.53:259][  0]LogTargetPlatformManager: Display: Loaded TargetPlatform 'LinuxAArch64Client'
[2020.10.30-21.26.53:281][  0]LogTargetPlatformManager: Display: Loaded TargetPlatform 'LinuxAArch64Server'
[2020.10.30-21.26.53:340][  0]LogTargetPlatformManager: Display: Loaded TargetPlatform 'Lumin'
[2020.10.30-21.26.53:340][  0]LogTargetPlatformManager: Display: Loaded TargetPlatform 'LuminClient'
[2020.10.30-21.26.53:390][  0]LogTargetPlatformManager: Display: Loaded TargetPlatform 'TVOSClient'
[2020.10.30-21.26.53:390][  0]LogTargetPlatformManager: Display: Loaded TargetPlatform 'TVOS'
[2020.10.30-21.26.53:447][  0]LogTargetPlatformManager: Display: Loaded TargetPlatform 'WindowsNoEditor'
[2020.10.30-21.26.53:484][  0]LogTargetPlatformManager: Display: Loaded TargetPlatform 'Windows'
[2020.10.30-21.26.53:507][  0]LogTargetPlatformManager: Display: Loaded TargetPlatform 'WindowsClient'
[2020.10.30-21.26.53:531][  0]LogTargetPlatformManager: Display: Loaded TargetPlatform 'WindowsServer'
[2020.10.30-21.26.53:531][  0]LogTargetPlatformManager: Display: Building Assets For Windows
[2020.10.30-21.26.53:727][  0]LogAudioDebug: Display: Lib vorbis DLL was dynamically loaded.
[2020.10.30-21.26.54:623][  0]LogShaderCompilers: Guid format shader working directory is 22 characters bigger than the processId version (../../../../PlatfromerHW/Intermediate/Shaders/WorkingDirectory/1872/).
[2020.10.30-21.26.54:623][  0]LogShaderCompilers: Cleaned the shader compiler working directory 'C:/Users/admin/AppData/Local/Temp/UnrealShaderWorkingDir/9DF65AB147A0C79B0467C7B2315DA560/'.
[2020.10.30-21.26.54:645][  0]LogXGEController: Cleaning working directory: C:/Users/admin/AppData/Local/Temp/UnrealXGEWorkingDir/
[2020.10.30-21.26.54:645][  0]LogXGEController: Cannot use XGE Controller as Incredibuild is not installed on this machine.
[2020.10.30-21.26.54:646][  0]LogShaderCompilers: Cannot use XGE Shader Compiler as Incredibuild is not installed on this machine.
[2020.10.30-21.26.54:646][  0]LogShaderCompilers: Display: Using Local Shader Compiler.
[2020.10.30-21.26.59:297][  0]LogDerivedDataCache: Display: Max Cache Size: 512 MB
[2020.10.30-21.26.59:469][  0]LogDerivedDataCache: Loaded boot cache 0.17s 78MB C:/Users/admin/AppData/Local/UnrealEngine/4.24/DerivedDataCache/Boot.ddc.
[2020.10.30-21.26.59:469][  0]LogDerivedDataCache: Display: Loaded Boot cache: C:/Users/admin/AppData/Local/UnrealEngine/4.24/DerivedDataCache/Boot.ddc
[2020.10.30-21.26.59:469][  0]LogDerivedDataCache: FDerivedDataBackendGraph:  Pak pak cache file ../../../../PlatfromerHW/DerivedDataCache/DDC.ddp not found, will not use a pak cache.
[2020.10.30-21.26.59:469][  0]LogDerivedDataCache: Unable to find inner node Pak for hierarchical cache Hierarchy.
[2020.10.30-21.26.59:469][  0]LogDerivedDataCache: FDerivedDataBackendGraph:  CompressedPak pak cache file ../../../../PlatfromerHW/DerivedDataCache/Compressed.ddp not found, will not use a pak cache.
[2020.10.30-21.26.59:469][  0]LogDerivedDataCache: Unable to find inner node CompressedPak for hierarchical cache Hierarchy.
[2020.10.30-21.26.59:548][  0]LogDerivedDataCache: Display: Pak cache opened for reading ../../../Engine/DerivedDataCache/Compressed.ddp.
[2020.10.30-21.26.59:548][  0]LogDerivedDataCache: FDerivedDataBackendGraph:  EnterprisePak pak cache file ../../../Enterprise/DerivedDataCache/Compressed.ddp not found, will not use a pak cache.
[2020.10.30-21.26.59:548][  0]LogDerivedDataCache: Unable to find inner node EnterprisePak for hierarchical cache Hierarchy.
[2020.10.30-21.26.59:549][  0]LogDerivedDataCache: Using Local data cache path C:/Users/admin/AppData/Local/UnrealEngine/Common/DerivedDataCache: Writable
[2020.10.30-21.26.59:549][  0]LogDerivedDataCache: Shared data cache path not found in *engine.ini, will not use an Shared cache.
[2020.10.30-21.26.59:549][  0]LogDerivedDataCache: Unable to find inner node Shared for hierarchical cache Hierarchy.
[2020.10.30-21.26.59:669][  0]LogMaterial: Verifying Global Shaders for PCD3D_SM5
[2020.10.30-21.26.59:771][  0]LogSlate: Using FreeType 2.10.0
[2020.10.30-21.26.59:908][  0]LogSlate: SlateFontServices - WITH_FREETYPE: 1, WITH_HARFBUZZ: 1
[2020.10.30-21.27.01:962][  0]LogAssetRegistry: FAssetRegistry took 0.0074 seconds to start up
[2020.10.30-21.27.04:845][  0]LogInit: Selected Device Profile: [Windows]
[2020.10.30-21.27.06:554][  0]LogMeshReduction: Using QuadricMeshReduction for automatic static mesh reduction
[2020.10.30-21.27.06:554][  0]LogMeshReduction: Using SimplygonMeshReduction for automatic skeletal mesh reduction
[2020.10.30-21.27.06:554][  0]LogMeshReduction: Using ProxyLODMeshReduction for automatic mesh merging
[2020.10.30-21.27.06:554][  0]LogMeshReduction: No distributed automatic mesh merging module available
[2020.10.30-21.27.06:554][  0]LogMeshMerging: No distributed automatic mesh merging module available
[2020.10.30-21.27.06:979][  0]LogNetVersion: PlatfromerHW 1.0.0, NetCL: 10570792, EngineNetVer: 13, GameNetVer: 0 (Checksum: 2573976935)
[2020.10.30-21.27.34:829][  0]LogPackageLocalizationCache: Processed 10 localized package path(s) for 1 prioritized culture(s) in 0.123496 seconds
[2020.10.30-21.27.34:855][  0]LogUObjectArray: 46750 objects as part of root set at end of initial load.
[2020.10.30-21.27.34:855][  0]LogUObjectAllocator: 8137160 out of 0 bytes used by permanent object pool.
[2020.10.30-21.27.34:855][  0]LogUObjectArray: CloseDisregardForGC: 0/0 objects in disregard for GC pool
[2020.10.30-21.27.40:356][  0]LogTcpMessaging: Initializing TcpMessaging bridge
[2020.10.30-21.27.40:451][  0]LogUdpMessaging: Initializing bridge on interface 0.0.0.0:0 to multicast group 230.0.0.1:6666.
[2020.10.30-21.27.41:219][  0]SourceControl: Source control is disabled
[2020.10.30-21.27.41:237][  0]SourceControl: Source control is disabled
[2020.10.30-21.27.41:395][  0]SourceControl: Source control is disabled
[2020.10.30-21.27.41:434][  0]SourceControl: Source control is disabled
[2020.10.30-21.27.41:469][  0]SourceControl: Source control is disabled
[2020.10.30-21.27.43:138][  0]LogAndroidPermission: UAndroidPermissionCallbackProxy::GetInstance
[2020.10.30-21.27.43:326][  0]LogAudioCaptureCore: Display: No Audio Capture implementations found. Audio input will be silent.
[2020.10.30-21.27.43:326][  0]LogAudioCaptureCore: Display: No Audio Capture implementations found. Audio input will be silent.
[2020.10.30-21.27.44:110][  0]LogOcInput: OculusInput pre-init called
[2020.10.30-21.27.44:184][  0]LogWindows: Failed to load 'OVRPlugin.dll' (GetLastError=126)
[2020.10.30-21.27.44:184][  0]LogWindows: File 'OVRPlugin.dll' does not exist
[2020.10.30-21.27.45:589][  0]LogEngine: Initializing Engine...
[2020.10.30-21.27.45:645][  0]LogHMD: Failed to initialize OpenVR with code 110
[2020.10.30-21.27.45:730][  0]LogStats: UGameplayTagsManager::InitializeManager -  0.044 s
[2020.10.30-21.27.47:079][  0]LogInit: Initializing FReadOnlyCVARCache
[2020.10.30-21.27.47:580][  0]LogAIModule: Creating AISystem for world Untitled
[2020.10.30-21.27.47:843][  0]LogAudioMixer: Display: Audio Mixer Platform Settings:
[2020.10.30-21.27.47:843][  0]LogAudioMixer: Display: 	Sample Rate:						  48000
[2020.10.30-21.27.47:843][  0]LogAudioMixer: Display: 	Callback Buffer Frame Size Requested: 1024
[2020.10.30-21.27.47:843][  0]LogAudioMixer: Display: 	Callback Buffer Frame Size To Use:	  1024
[2020.10.30-21.27.47:843][  0]LogAudioMixer: Display: 	Number of buffers to queue:			  2
[2020.10.30-21.27.47:843][  0]LogAudioMixer: Display: 	Max Channels (voices):				  32
[2020.10.30-21.27.47:843][  0]LogAudioMixer: Display: 	Number of Async Source Workers:		  0
[2020.10.30-21.27.47:843][  0]LogAudio: Display: AudioDevice MaxSources: 32
[2020.10.30-21.27.47:844][  0]LogAudio: Display: Using built-in audio occlusion.
[2020.10.30-21.27.47:844][  0]LogAudioMixer: Display: Initializing audio mixer.
[2020.10.30-21.27.47:886][  0]LogAudioMixer: Display: Audio Device Output Speaker Info:
[2020.10.30-21.27.47:886][  0]LogAudioMixer: Display: Name: Динамики (Logitech G933 Gaming Headset)
[2020.10.30-21.27.47:886][  0]LogAudioMixer: Display: Is Default: Yes
[2020.10.30-21.27.47:886][  0]LogAudioMixer: Display: Sample Rate: 48000
[2020.10.30-21.27.47:886][  0]LogAudioMixer: Display: Channel Count Used: 8
[2020.10.30-21.27.47:886][  0]LogAudioMixer: Display: Device Channel Count: 8
[2020.10.30-21.27.47:886][  0]LogAudioMixer: Display: Channel Order:
[2020.10.30-21.27.47:886][  0]LogAudioMixer: Display: 0: FrontLeft
[2020.10.30-21.27.47:886][  0]LogAudioMixer: Display: 1: FrontRight
[2020.10.30-21.27.47:886][  0]LogAudioMixer: Display: 2: FrontCenter
[2020.10.30-21.27.47:886][  0]LogAudioMixer: Display: 3: LowFrequency
[2020.10.30-21.27.47:886][  0]LogAudioMixer: Display: 4: BackLeft
[2020.10.30-21.27.47:886][  0]LogAudioMixer: Display: 5: BackRight
[2020.10.30-21.27.47:886][  0]LogAudioMixer: Display: 6: SideLeft
[2020.10.30-21.27.47:886][  0]LogAudioMixer: Display: 7: SideRight
[2020.10.30-21.27.47:920][  0]LogAudioMixer: Display: Using Audio Device Динамики (Logitech G933 Gaming Headset)
[2020.10.30-21.27.47:935][  0]LogInit: FAudioDevice initialized.
[2020.10.30-21.27.47:936][  0]LogNetVersion: Set ProjectVersion to 1.0.0.0. Version Checksum will be recalculated on next use.
[2020.10.30-21.27.47:992][  0]LogDerivedDataCache: Saved boot cache 0.06s 78MB C:/Users/admin/AppData/Local/UnrealEngine/4.24/DerivedDataCache/Boot.ddc.
[2020.10.30-21.27.47:996][  0]LogInit: Texture streaming: Enabled
[2020.10.30-21.27.48:272][  0]LogEngineSessionManager: EngineSessionManager initialized
[2020.10.30-21.27.48:272][  0]LogEditorSessionSummary: Verbose: Initializing EditorSessionSummaryWriter for editor session tracking
[2020.10.30-21.27.48:287][  0]LogEditorSessionSummary: EditorSessionSummaryWriter initialized
[2020.10.30-21.27.48:660][  0]LogInit: Transaction tracking system initialized
[2020.10.30-21.27.49:127][  0]BlueprintLog: New page: Editor Load
[2020.10.30-21.27.50:401][  0]LocalizationService: Localization service is disabled
[2020.10.30-21.27.53:336][  0]LogFileCache: Scanning file cache for directory 'D:/dev/PlatfromerHW/Content/' took 0.03s
[2020.10.30-21.27.53:336][  0]LogCook: Display: Max memory allowance for cook 16384mb min free memory 0mb
[2020.10.30-21.27.53:336][  0]LogCook: Display: Mobile HDR setting 1
[2020.10.30-21.27.57:109][  0]SourceControl: Source control is disabled
[2020.10.30-21.27.57:205][  0]Cmd: MAP LOAD FILE="../../../../PlatfromerHW/Content/PlatformerMain/Levels/level0.umap" TEMPLATE=0 SHOWPROGRESS=1 FEATURELEVEL=3
[2020.10.30-21.27.57:218][  0]LightingResults: New page: Lighting Build
[2020.10.30-21.27.57:342][  0]LogWorld: UWorld::CleanupWorld for Untitled, bSessionEnded=true, bCleanupResources=true
[2020.10.30-21.27.57:372][  0]LogSlate: InvalidateAllWidgets triggered.  All widgets were invalidated
[2020.10.30-21.27.57:377][  0]MapCheck: New page: Map Check
[2020.10.30-21.27.57:378][  0]LightingResults: New page: Lighting Build
[2020.10.30-21.27.57:709][  0]LogUObjectHash: Compacting FUObjectHashTables data took   2.59ms
[2020.10.30-21.27.58:793][  0]LogAIModule: Creating AISystem for world level0
[2020.10.30-21.27.59:286][  0]LogEditorServer: Finished looking for orphan Actors (0.000 secs)
[2020.10.30-21.27.59:392][  0]LogUObjectHash: Compacting FUObjectHashTables data took   2.53ms
[2020.10.30-21.27.59:393][  0]Cmd: MAP CHECKDEP NOCLEARLOG
[2020.10.30-21.27.59:406][  0]MapCheck: Map check complete: 0 Error(s), 0 Warning(s), took 0,332ms to complete.
[2020.10.30-21.27.59:406][  0]LogFileHelpers: Loading map 'level0' took 2.274
[2020.10.30-21.28.01:757][  0]LogSlate: Updating window title bar state: overlay mode, drag disabled, window buttons hidden, title bar hidden
[2020.10.30-21.28.01:777][  0]LogSlate: Updating window title bar state: overlay mode, drag disabled, window buttons hidden, title bar hidden
[2020.10.30-21.28.01:785][  0]LogSlate: Updating window title bar state: overlay mode, drag disabled, window buttons hidden, title bar hidden
[2020.10.30-21.28.01:792][  0]LogSlate: Updating window title bar state: overlay mode, drag disabled, window buttons hidden, title bar hidden
[2020.10.30-21.28.01:972][  0]LogCollectionManager: Loaded 0 collections in 0.001184 seconds
[2020.10.30-21.28.02:067][  0]LogFileCache: Scanning file cache for directory 'D:/dev/PlatfromerHW/Saved/Collections/' took 0.00s
[2020.10.30-21.28.02:067][  0]LogFileCache: Scanning file cache for directory 'D:/dev/PlatfromerHW/Content/Developers/admin/Collections/' took 0.00s
[2020.10.30-21.28.02:067][  0]LogFileCache: Scanning file cache for directory 'D:/dev/PlatfromerHW/Content/Collections/' took 0.00s
[2020.10.30-21.28.02:067][  0]LogContentBrowser: Native class hierarchy populated in 0.0080 seconds. Added 3015 classes and 717 folders.
[2020.10.30-21.28.02:217][  0]LogContentBrowser: Native class hierarchy updated for 'WidgetCarousel' in 0.0003 seconds. Added 0 classes and 0 folders.
[2020.10.30-21.28.03:370][  0]LogContentBrowser: Native class hierarchy updated for 'AddContentDialog' in 0.0004 seconds. Added 0 classes and 0 folders.
[2020.10.30-21.28.03:448][  0]LogContentBrowser: Native class hierarchy updated for 'SceneOutliner' in 0.0003 seconds. Added 2 classes and 3 folders.
[2020.10.30-21.28.03:884][  0]LogSlate: Took 0.032257 seconds to synchronously load lazily loaded font '../../../Engine/Content/Slate/Fonts/Roboto-Regular.ttf' (155K)
[2020.10.30-21.28.03:973][  0]LogSlate: Took 0.065485 seconds to synchronously load lazily loaded font '../../../Engine/Content/Slate/Fonts/Roboto-Bold.ttf' (160K)
[2020.10.30-21.28.04:009][  0]LogSlate: Took 0.023162 seconds to synchronously load lazily loaded font '../../../Engine/Content/Editor/Slate/Fonts/FontAwesome.ttf' (139K)
[2020.10.30-21.28.04:475][  0]LogRenderer: Reallocating scene render targets to support 904x396 Format 10 NumSamples 1 (Frame:1).
[2020.10.30-21.28.04:962][  0]LogContentBrowser: Native class hierarchy updated for 'HierarchicalLODOutliner' in 0.0002 seconds. Added 0 classes and 0 folders.
[2020.10.30-21.28.04:962][  0]LogLoad: (Engine Initialization) Total time: 94.93 seconds
[2020.10.30-21.28.04:962][  0]LogLoad: (Engine Initialization) Total Blueprint compile time: 0.00 seconds
[2020.10.30-21.28.05:232][  0]LogContentStreaming: Texture pool size now 1000 MB
[2020.10.30-21.28.05:390][  1]LogRenderer: Reallocating scene render targets to support 904x412 Format 10 NumSamples 1 (Frame:2).
[2020.10.30-21.28.07:218][ 26]LogAssetRegistry: Asset discovery search completed in 65.2571 seconds
[2020.10.30-21.28.07:232][ 26]LogCollectionManager: Fixed up redirectors for 0 collections in 0.012289 seconds (updated 0 objects)
[2020.10.30-21.28.07:318][ 26]LogSlate: Took 0.021607 seconds to synchronously load lazily loaded font '../../../Engine/Content/Slate/Fonts/Roboto-Light.ttf' (167K)
[2020.10.30-21.36.38:779][548]LogTemp: Resetting audio stream to device id 
[2020.10.30-21.36.38:806][548]LogAudioMixer: Display: Audio Device Output Speaker Info:
[2020.10.30-21.36.38:806][548]LogAudioMixer: Display: Name: Динамики (Logitech G933 Gaming Headset)
[2020.10.30-21.36.38:806][548]LogAudioMixer: Display: Is Default: Yes
[2020.10.30-21.36.38:806][548]LogAudioMixer: Display: Sample Rate: 48000
[2020.10.30-21.36.38:806][548]LogAudioMixer: Display: Channel Count Used: 8
[2020.10.30-21.36.38:806][548]LogAudioMixer: Display: Device Channel Count: 8
[2020.10.30-21.36.38:806][548]LogAudioMixer: Display: Channel Order:
[2020.10.30-21.36.38:806][548]LogAudioMixer: Display: 0: FrontLeft
[2020.10.30-21.36.38:806][548]LogAudioMixer: Display: 1: FrontRight
[2020.10.30-21.36.38:806][548]LogAudioMixer: Display: 2: FrontCenter
[2020.10.30-21.36.38:806][548]LogAudioMixer: Display: 3: LowFrequency
[2020.10.30-21.36.38:806][548]LogAudioMixer: Display: 4: BackLeft
[2020.10.30-21.36.38:806][548]LogAudioMixer: Display: 5: BackRight
[2020.10.30-21.36.38:807][548]LogAudioMixer: Display: 6: SideLeft
[2020.10.30-21.36.38:807][548]LogAudioMixer: Display: 7: SideRight
[2020.10.31-07.26.24:491][557]LogTemp: Resetting audio stream to device id 
[2020.10.31-07.26.25:062][557]LogAudioMixer: Display: Audio Device Output Speaker Info:
[2020.10.31-07.26.25:062][557]LogAudioMixer: Display: Name: Динамики (Logitech G933 Gaming Headset)
[2020.10.31-07.26.25:062][557]LogAudioMixer: Display: Is Default: Yes
[2020.10.31-07.26.25:062][557]LogAudioMixer: Display: Sample Rate: 48000
[2020.10.31-07.26.25:062][557]LogAudioMixer: Display: Channel Count Used: 8
[2020.10.31-07.26.25:062][557]LogAudioMixer: Display: Device Channel Count: 8
[2020.10.31-07.26.25:062][557]LogAudioMixer: Display: Channel Order:
[2020.10.31-07.26.25:062][557]LogAudioMixer: Display: 0: FrontLeft
[2020.10.31-07.26.25:062][557]LogAudioMixer: Display: 1: FrontRight
[2020.10.31-07.26.25:062][557]LogAudioMixer: Display: 2: FrontCenter
[2020.10.31-07.26.25:062][557]LogAudioMixer: Display: 3: LowFrequency
[2020.10.31-07.26.25:062][557]LogAudioMixer: Display: 4: BackLeft
[2020.10.31-07.26.25:062][557]LogAudioMixer: Display: 5: BackRight
[2020.10.31-07.26.25:062][557]LogAudioMixer: Display: 6: SideLeft
[2020.10.31-07.26.25:062][557]LogAudioMixer: Display: 7: SideRight
[2020.10.31-07.34.52:271][ 72]LogAudioMixer: Warning: Changing default audio render device to new device: {0.0.0.00000000}.{76334179-af8e-4dc6-8add-f45c21c97994}.
[2020.10.31-07.34.52:271][ 72]LogTemp: Resetting audio stream to device id 
[2020.10.31-07.34.52:302][ 72]LogAudioMixer: Display: Audio Device Output Speaker Info:
[2020.10.31-07.34.52:302][ 72]LogAudioMixer: Display: Name: Speakers (High Definition Audio Device)
[2020.10.31-07.34.52:302][ 72]LogAudioMixer: Display: Is Default: Yes
[2020.10.31-07.34.52:302][ 72]LogAudioMixer: Display: Sample Rate: 48000
[2020.10.31-07.34.52:302][ 72]LogAudioMixer: Display: Channel Count Used: 2
[2020.10.31-07.34.52:302][ 72]LogAudioMixer: Display: Device Channel Count: 2
[2020.10.31-07.34.52:302][ 72]LogAudioMixer: Display: Channel Order:
[2020.10.31-07.34.52:302][ 72]LogAudioMixer: Display: 0: FrontLeft
[2020.10.31-07.34.52:302][ 72]LogAudioMixer: Display: 1: FrontRight
[2020.10.31-07.57.17:053][ 81]LogAudioMixer: Display: Audio Buffer Underrun detected.
[2020.10.31-07.57.35:684][136]LogAudioMixer: Display: Audio Buffer Underrun detected.
[2020.10.31-08.14.29:556][171]LogAudioMixer: Display: Audio Buffer Underrun detected.
[2020.10.31-08.14.33:664][183]LogAudioMixer: Display: Audio Buffer Underrun detected.
[2020.10.31-08.14.34:015][184]LogAudioMixer: Display: Audio Buffer Underrun detected.
[2020.10.31-08.14.35:028][187]LogAudioMixer: Display: Audio Buffer Underrun detected.
[2020.10.31-08.15.20:916][324]LogAudioMixer: Display: Audio Buffer Underrun detected.
[2020.10.31-08.23.37:445][806]LogAudioMixer: Display: Audio Buffer Underrun detected.
[2020.10.31-08.23.38:784][810]LogAudioMixer: Display: Audio Buffer Underrun detected.
[2020.10.31-08.23.42:142][820]LogAudioMixer: Display: Audio Buffer Underrun detected.
[2020.10.31-08.23.43:497][824]LogAudioMixer: Display: Audio Buffer Underrun detected.
[2020.10.31-08.24.01:471][877]LogAudioMixer: Display: Audio Buffer Underrun detected.
[2020.10.31-08.24.01:780][878]LogAudioMixer: Display: Audio Buffer Underrun detected.
[2020.10.31-08.56.12:754][629]LogWindowsTextInputMethodSystem: Display: IME system now deactivated.
[2020.10.31-08.56.12:754][629]LogWindowsTextInputMethodSystem: Display: IME system now deactivated.
[2020.10.31-08.56.15:806][920]LogTemp: Repeating last play command: Selected Viewport
[2020.10.31-08.56.16:057][920]LogPlayLevel: PlayLevel: No blueprints needed recompiling
[2020.10.31-08.56.16:175][920]PIE: New page: PIE session: level0 (31 окт. 2020 г., 14:56:16)
[2020.10.31-08.56.16:328][920]LogOnline: OSS: Creating online subsystem instance for: NULL
[2020.10.31-08.56.16:331][920]LogOnline: OSS: TryLoadSubsystemAndSetDefault: Loaded subsystem for module [NULL]
[2020.10.31-08.56.16:365][920]LogPlayLevel: Creating play world package: /Game/PlatformerMain/Levels/UEDPIE_0_level0
[2020.10.31-08.56.16:492][920]LogPlayLevel: PIE: StaticDuplicateObject took: (0.125735s)
[2020.10.31-08.56.16:514][920]LogAIModule: Creating AISystem for world level0
[2020.10.31-08.56.16:566][920]LogPlayLevel: PIE: World Init took: (0.073997s)
[2020.10.31-08.56.16:576][920]LogPlayLevel: PIE: Created PIE world by copying editor world from /Game/PlatformerMain/Levels/level0.level0 to /Game/PlatformerMain/Levels/UEDPIE_0_level0.level0 (0.211140s)
[2020.10.31-08.56.16:635][920]LogUObjectHash: Compacting FUObjectHashTables data took   5.50ms
[2020.10.31-08.56.16:678][920]LogAudioMixer: Display: Audio Mixer Platform Settings:
[2020.10.31-08.56.16:678][920]LogAudioMixer: Display: 	Sample Rate:						  48000
[2020.10.31-08.56.16:678][920]LogAudioMixer: Display: 	Callback Buffer Frame Size Requested: 1024
[2020.10.31-08.56.16:678][920]LogAudioMixer: Display: 	Callback Buffer Frame Size To Use:	  1024
[2020.10.31-08.56.16:678][920]LogAudioMixer: Display: 	Number of buffers to queue:			  2
[2020.10.31-08.56.16:678][920]LogAudioMixer: Display: 	Max Channels (voices):				  32
[2020.10.31-08.56.16:678][920]LogAudioMixer: Display: 	Number of Async Source Workers:		  0
[2020.10.31-08.56.16:678][920]LogAudio: Display: AudioDevice MaxSources: 32
[2020.10.31-08.56.16:680][920]LogAudio: Display: Using built-in audio occlusion.
[2020.10.31-08.56.16:680][920]LogAudioMixer: Display: Initializing audio mixer.
[2020.10.31-08.56.16:703][920]LogAudioMixer: Display: Audio Device Output Speaker Info:
[2020.10.31-08.56.16:703][920]LogAudioMixer: Display: Name: Speakers (High Definition Audio Device)
[2020.10.31-08.56.16:703][920]LogAudioMixer: Display: Is Default: Yes
[2020.10.31-08.56.16:703][920]LogAudioMixer: Display: Sample Rate: 48000
[2020.10.31-08.56.16:704][920]LogAudioMixer: Display: Channel Count Used: 2
[2020.10.31-08.56.16:704][920]LogAudioMixer: Display: Device Channel Count: 2
[2020.10.31-08.56.16:704][920]LogAudioMixer: Display: Channel Order:
[2020.10.31-08.56.16:704][920]LogAudioMixer: Display: 0: FrontLeft
[2020.10.31-08.56.16:704][920]LogAudioMixer: Display: 1: FrontRight
[2020.10.31-08.56.16:772][920]LogAudioMixer: Display: Using Audio Device Speakers (High Definition Audio Device)
[2020.10.31-08.56.16:799][920]LogInit: FAudioDevice initialized.
[2020.10.31-08.56.18:922][920]LogLoad: Game class is 'ThirdPersonGameMode_C'
[2020.10.31-08.56.19:062][920]LogWorld: Bringing World /Game/PlatformerMain/Levels/UEDPIE_0_level0.level0 up for play (max tick rate 0) at 2020.10.31-11.56.19
[2020.10.31-08.56.19:093][920]LogWorld: Bringing up level for play took: 0.068808
[2020.10.31-08.56.19:106][920]LogOnline: OSS: Creating online subsystem instance for: :Context_1
[2020.10.31-08.56.19:577][920]LogContentBrowser: Native class hierarchy updated for 'MovieSceneCapture' in 0.0016 seconds. Added 20 classes and 0 folders.
[2020.10.31-08.56.20:099][920]PIE: Play in editor start time for /Game/PlatformerMain/Levels/UEDPIE_0_level0 3,771
[2020.10.31-08.56.20:668][921]LogCharacterMovement: Warning: GetSimulationTimeStep() - Max iterations 8 hit while remaining time 0.064872 > MaxSimulationTimeStep (0.050) for 'ThirdPersonCharacter_C_0', movement 'Walking'
[2020.10.31-08.56.39:235][ 64]LogAudioMixer: Display: No commands were queued while flushing the source manager.
[2020.10.31-08.56.39:243][ 64]LogAudioMixer: Display: Flush succeeded in the source manager command queue (1).
[2020.10.31-08.56.39:264][ 64]LogAudioMixer: Display: Flush succeeded the source manager command queue (2).
[2020.10.31-08.56.39:662][ 64]LogSlate: Updating window title bar state: overlay mode, drag disabled, window buttons hidden, title bar hidden
[2020.10.31-08.56.39:662][ 64]LogWorld: BeginTearingDown for /Game/PlatformerMain/Levels/UEDPIE_0_level0
[2020.10.31-08.56.39:715][ 64]LogAudioMixer: Display: No commands were queued while flushing the source manager.
[2020.10.31-08.56.39:748][ 64]LogWorld: UWorld::CleanupWorld for level0, bSessionEnded=true, bCleanupResources=true
[2020.10.31-08.56.39:763][ 64]LogSlate: InvalidateAllWidgets triggered.  All widgets were invalidated
[2020.10.31-08.56.39:828][ 64]LogPlayLevel: Display: Shutting down PIE online subsystems
[2020.10.31-08.56.39:842][ 64]LogSlate: InvalidateAllWidgets triggered.  All widgets were invalidated
[2020.10.31-08.56.39:886][ 64]LogAudioMixer: Display: No commands were queued while flushing the source manager.
[2020.10.31-08.56.39:902][ 64]LogSlate: Updating window title bar state: overlay mode, drag disabled, window buttons hidden, title bar hidden
[2020.10.31-08.56.40:123][ 64]LogUObjectHash: Compacting FUObjectHashTables data took  10.94ms
[2020.10.31-08.56.40:160][ 65]LogPlayLevel: Display: Destroying online subsystem :Context_1
[2020.10.31-08.57.05:254][241]LogSlate: Took 0.024186 seconds to synchronously load lazily loaded font '../../../Engine/Content/Slate/Fonts/Roboto-Light.ttf' (167K)
[2020.10.31-11.38.27:175][ 82]LogAudioMixer: Warning: Changing default audio render device to new device: {0.0.0.00000000}.{186beb8e-3b9c-4564-af92-4ca2704b66fa}.
[2020.10.31-11.38.27:175][ 82]LogTemp: Resetting audio stream to device id 
[2020.10.31-11.38.27:224][ 82]LogAudioMixer: Display: Audio Device Output Speaker Info:
[2020.10.31-11.38.27:224][ 82]LogAudioMixer: Display: Name: Динамики (Logitech G933 Gaming Headset)
[2020.10.31-11.38.27:224][ 82]LogAudioMixer: Display: Is Default: Yes
[2020.10.31-11.38.27:224][ 82]LogAudioMixer: Display: Sample Rate: 48000
[2020.10.31-11.38.27:224][ 82]LogAudioMixer: Display: Channel Count Used: 8
[2020.10.31-11.38.27:224][ 82]LogAudioMixer: Display: Device Channel Count: 8
[2020.10.31-11.38.27:224][ 82]LogAudioMixer: Display: Channel Order:
[2020.10.31-11.38.27:224][ 82]LogAudioMixer: Display: 0: FrontLeft
[2020.10.31-11.38.27:224][ 82]LogAudioMixer: Display: 1: FrontRight
[2020.10.31-11.38.27:224][ 82]LogAudioMixer: Display: 2: FrontCenter
[2020.10.31-11.38.27:224][ 82]LogAudioMixer: Display: 3: LowFrequency
[2020.10.31-11.38.27:224][ 82]LogAudioMixer: Display: 4: BackLeft
[2020.10.31-11.38.27:224][ 82]LogAudioMixer: Display: 5: BackRight
[2020.10.31-11.38.27:224][ 82]LogAudioMixer: Display: 6: SideLeft
[2020.10.31-11.38.27:224][ 82]LogAudioMixer: Display: 7: SideRight
[2020.10.31-11.41.57:765][710]LogWindowsTextInputMethodSystem: Display: IME system now deactivated.
[2020.10.31-11.41.57:765][710]LogWindowsTextInputMethodSystem: Display: IME system now deactivated.
[2020.10.31-11.45.18:182][436]LogTemp: Repeating last play command: Selected Viewport
[2020.10.31-11.45.18:222][436]LogPlayLevel: PlayLevel: No blueprints needed recompiling
[2020.10.31-11.45.18:223][436]PIE: New page: PIE session: level0 (31 окт. 2020 г., 17:45:18)
[2020.10.31-11.45.18:250][436]LogPlayLevel: Creating play world package: /Game/PlatformerMain/Levels/UEDPIE_0_level0
[2020.10.31-11.45.18:650][436]LogPlayLevel: PIE: StaticDuplicateObject took: (0.398645s)
[2020.10.31-11.45.18:655][436]LogAIModule: Creating AISystem for world level0
[2020.10.31-11.45.18:674][436]LogPlayLevel: PIE: World Init took: (0.023639s)
[2020.10.31-11.45.18:674][436]LogPlayLevel: PIE: Created PIE world by copying editor world from /Game/PlatformerMain/Levels/level0.level0 to /Game/PlatformerMain/Levels/UEDPIE_0_level0.level0 (0.423643s)
[2020.10.31-11.45.18:759][436]LogUObjectHash: Compacting FUObjectHashTables data took   3.79ms
[2020.10.31-11.45.18:771][436]LogAudioMixer: Display: Audio Mixer Platform Settings:
[2020.10.31-11.45.18:771][436]LogAudioMixer: Display: 	Sample Rate:						  48000
[2020.10.31-11.45.18:771][436]LogAudioMixer: Display: 	Callback Buffer Frame Size Requested: 1024
[2020.10.31-11.45.18:772][436]LogAudioMixer: Display: 	Callback Buffer Frame Size To Use:	  1024
[2020.10.31-11.45.18:772][436]LogAudioMixer: Display: 	Number of buffers to queue:			  2
[2020.10.31-11.45.18:772][436]LogAudioMixer: Display: 	Max Channels (voices):				  32
[2020.10.31-11.45.18:772][436]LogAudioMixer: Display: 	Number of Async Source Workers:		  0
[2020.10.31-11.45.18:772][436]LogAudio: Display: AudioDevice MaxSources: 32
[2020.10.31-11.45.18:773][436]LogAudio: Display: Using built-in audio occlusion.
[2020.10.31-11.45.18:773][436]LogAudioMixer: Display: Initializing audio mixer.
[2020.10.31-11.45.18:798][436]LogAudioMixer: Display: Audio Device Output Speaker Info:
[2020.10.31-11.45.18:798][436]LogAudioMixer: Display: Name: Динамики (Logitech G933 Gaming Headset)
[2020.10.31-11.45.18:798][436]LogAudioMixer: Display: Is Default: Yes
[2020.10.31-11.45.18:798][436]LogAudioMixer: Display: Sample Rate: 48000
[2020.10.31-11.45.18:798][436]LogAudioMixer: Display: Channel Count Used: 8
[2020.10.31-11.45.18:798][436]LogAudioMixer: Display: Device Channel Count: 8
[2020.10.31-11.45.18:798][436]LogAudioMixer: Display: Channel Order:
[2020.10.31-11.45.18:798][436]LogAudioMixer: Display: 0: FrontLeft
[2020.10.31-11.45.18:798][436]LogAudioMixer: Display: 1: FrontRight
[2020.10.31-11.45.18:798][436]LogAudioMixer: Display: 2: FrontCenter
[2020.10.31-11.45.18:798][436]LogAudioMixer: Display: 3: LowFrequency
[2020.10.31-11.45.18:798][436]LogAudioMixer: Display: 4: BackLeft
[2020.10.31-11.45.18:798][436]LogAudioMixer: Display: 5: BackRight
[2020.10.31-11.45.18:798][436]LogAudioMixer: Display: 6: SideLeft
[2020.10.31-11.45.18:798][436]LogAudioMixer: Display: 7: SideRight
[2020.10.31-11.45.18:826][436]LogAudioMixer: Display: Using Audio Device Динамики (Logitech G933 Gaming Headset)
[2020.10.31-11.45.18:895][436]LogInit: FAudioDevice initialized.
[2020.10.31-11.45.18:919][436]LogLoad: Game class is 'ThirdPersonGameMode_C'
[2020.10.31-11.45.18:930][436]LogWorld: Bringing World /Game/PlatformerMain/Levels/UEDPIE_0_level0.level0 up for play (max tick rate 60) at 2020.10.31-14.45.18
[2020.10.31-11.45.18:930][436]LogWorld: Bringing up level for play took: 0.000649
[2020.10.31-11.45.18:941][436]LogOnline: OSS: Creating online subsystem instance for: :Context_3
[2020.10.31-11.45.18:968][436]PIE: Play in editor start time for /Game/PlatformerMain/Levels/UEDPIE_0_level0 1,475
[2020.10.31-11.45.19:002][437]LogCharacterMovement: Warning: GetSimulationTimeStep() - Max iterations 8 hit while remaining time 0.073857 > MaxSimulationTimeStep (0.050) for 'ThirdPersonCharacter_C_0', movement 'Walking'
[2020.10.31-11.45.37:090][518]LogAudioMixer: Display: No commands were queued while flushing the source manager.
[2020.10.31-11.45.37:107][518]LogAudioMixer: Display: Flush succeeded in the source manager command queue (1).
[2020.10.31-11.45.37:127][518]LogAudioMixer: Display: Flush succeeded the source manager command queue (2).
[2020.10.31-11.45.37:127][518]LogSlate: Updating window title bar state: overlay mode, drag disabled, window buttons hidden, title bar hidden
[2020.10.31-11.45.37:127][518]LogWorld: BeginTearingDown for /Game/PlatformerMain/Levels/UEDPIE_0_level0
[2020.10.31-11.45.37:127][518]LogAudioMixer: Display: No commands were queued while flushing the source manager.
[2020.10.31-11.45.37:167][518]LogWorld: UWorld::CleanupWorld for level0, bSessionEnded=true, bCleanupResources=true
[2020.10.31-11.45.37:167][518]LogSlate: InvalidateAllWidgets triggered.  All widgets were invalidated
[2020.10.31-11.45.37:174][518]LogPlayLevel: Display: Shutting down PIE online subsystems
[2020.10.31-11.45.37:188][518]LogSlate: InvalidateAllWidgets triggered.  All widgets were invalidated
[2020.10.31-11.45.37:218][518]LogAudioMixer: Display: No commands were queued while flushing the source manager.
